\BOOKMARK [1][-]{section.1}{\376\377\0001\000\040\000I\000n\000t\000r\000o\000d\000u\000c\000t\000i\000o\000n}{}% 1
\BOOKMARK [1][-]{section.2}{\376\377\0002\000\040\000L\000i\000s\000t\000\040\000o\000f\000\040\000H\000e\000a\000d\000e\000r\000s\000\040\000u\000s\000e\000d\000\040\000b\000y\000\040\000t\000r\000a\000n\000s\000i\000t}{}% 2
\BOOKMARK [1][-]{section.3}{\376\377\0003\000\040\000L\000i\000s\000t\000\040\000o\000f\000\040\000C\000u\000s\000t\000o\000m\000\040\000V\000a\000r\000i\000a\000b\000l\000e\000\040\000T\000y\000p\000e\000s\000\040\000i\000n\000\040\000t\000r\000a\000n\000s\000i\000t\000\040\000D\000O\000N\000E}{}% 3
\BOOKMARK [1][-]{section.4}{\376\377\0004\000\040\000L\000i\000s\000t\000\040\000o\000f\000\040\000C\000o\000n\000s\000t\000a\000n\000t\000s\000\040\000i\000n\000\040\000t\000r\000a\000n\000s\000i\000t\000\040\000D\000O\000N\000E}{}% 4
\BOOKMARK [1][-]{section.5}{\376\377\0005\000\040\000L\000i\000s\000t\000\040\000o\000f\000\040\000S\000t\000r\000u\000c\000t\000u\000r\000e\000s\000\040\000i\000n\000\040\000t\000h\000e\000\040\000t\000r\000a\000n\000s\000i\000t\000\040\000F\000i\000l\000e\000s}{}% 5
\BOOKMARK [2][-]{subsection.5.1}{\376\377\0005\000.\0001\000\040\000S\000t\000r\000u\000c\000t\000u\000r\000e\000\040\000T\000y\000p\000e\000s}{section.5}% 6
\BOOKMARK [2][-]{subsection.5.2}{\376\377\0005\000.\0002\000\040\000S\000t\000r\000u\000c\000t\000u\000r\000e\000s}{section.5}% 7
\BOOKMARK [1][-]{section.6}{\376\377\0006\000\040\000L\000i\000s\000t\000\040\000o\000f\000\040\000F\000u\000n\000c\000t\000i\000o\000n\000s\000\040\000i\000n\000\040\000t\000h\000e\000\040\000t\000r\000a\000n\000s\000i\000t\000\040\000F\000i\000l\000e\000s}{}% 8
\BOOKMARK [2][-]{subsection.6.1}{\376\377\0006\000.\0001\000\040\000t\000r\000a\000n\000s\000i\000t\000.\000c}{section.6}% 9
\BOOKMARK [3][-]{subsubsection.6.1.1}{\376\377\0006\000.\0001\000.\0001\000\040\000L\000i\000s\000t\000\040\000o\000f\000\040\000F\000u\000n\000c\000t\000i\000o\000n\000s\000\040\000D\000e\000f\000i\000n\000e\000d\000\040\000i\000n\000\040\000t\000r\000a\000n\000s\000i\000t\000.\000c}{subsection.6.1}% 10
\BOOKMARK [3][-]{subsubsection.6.1.2}{\376\377\0006\000.\0001\000.\0002\000\040\000t\000r\000a\000n\000s\000i\000t\000\137\000i\000n\000i\000t}{subsection.6.1}% 11
\BOOKMARK [4][-]{paragraph.6.1.2.1}{\376\377\0006\000.\0001\000.\0002\000.\0001\000\040\000W\000a\000l\000k\000t\000h\000r\000o\000u\000g\000h}{subsubsection.6.1.2}% 12
\BOOKMARK [3][-]{subsubsection.6.1.3}{\376\377\0006\000.\0001\000.\0003\000\040\000g\000e\000t\000\137\000n\000o\000\137\000s\000a\000m\000p\000l\000e\000s}{subsection.6.1}% 13
\BOOKMARK [4][-]{paragraph.6.1.3.1}{\376\377\0006\000.\0001\000.\0003\000.\0001\000\040\000W\000a\000l\000k\000t\000h\000o\000u\000g\000h}{subsubsection.6.1.3}% 14
\BOOKMARK [3][-]{subsubsection.6.1.4}{\376\377\0006\000.\0001\000.\0004\000\040\000g\000e\000t\000\137\000w\000a\000v\000e\000n\000o\000\137\000a\000r\000r}{subsection.6.1}% 15
\BOOKMARK [4][-]{paragraph.6.1.4.1}{\376\377\0006\000.\0001\000.\0004\000.\0001\000\040\000W\000a\000l\000k\000t\000h\000r\000o\000u\000g\000h}{subsubsection.6.1.4}% 16
\BOOKMARK [3][-]{subsubsection.6.1.5}{\376\377\0006\000.\0001\000.\0005\000\040\000s\000e\000t\000\137\000r\000a\000d\000i\000u\000s}{subsection.6.1}% 17
\BOOKMARK [4][-]{paragraph.6.1.5.1}{\376\377\0006\000.\0001\000.\0005\000.\0001\000\040\000V\000a\000r\000i\000a\000b\000l\000e\000s\000\040\000M\000o\000d\000i\000f\000i\000e\000d}{subsubsection.6.1.5}% 18
\BOOKMARK [4][-]{paragraph.6.1.5.2}{\376\377\0006\000.\0001\000.\0005\000.\0002\000\040\000W\000a\000l\000k\000t\000h\000r\000o\000u\000g\000h}{subsubsection.6.1.5}% 19
\BOOKMARK [3][-]{subsubsection.6.1.6}{\376\377\0006\000.\0001\000.\0006\000\040\000r\000u\000n\000\137\000t\000r\000a\000n\000s\000i\000t}{subsection.6.1}% 20
\BOOKMARK [4][-]{paragraph.6.1.6.1}{\376\377\0006\000.\0001\000.\0006\000.\0001\000\040\000W\000a\000l\000k\000t\000h\000r\000o\000u\000g\000h}{subsubsection.6.1.6}% 21
\BOOKMARK [3][-]{subsubsection.6.1.7}{\376\377\0006\000.\0001\000.\0007\000\040\000d\000o\000\137\000t\000r\000a\000n\000s\000i\000t}{subsection.6.1}% 22
\BOOKMARK [4][-]{paragraph.6.1.7.1}{\376\377\0006\000.\0001\000.\0007\000.\0001\000\040\000V\000a\000r\000i\000a\000b\000l\000e\000s\000\040\000M\000o\000d\000i\000f\000i\000e\000d}{subsubsection.6.1.7}% 23
\BOOKMARK [4][-]{paragraph.6.1.7.2}{\376\377\0006\000.\0001\000.\0007\000.\0002\000\040\000W\000a\000l\000k\000t\000h\000r\000o\000u\000g\000h}{subsubsection.6.1.7}% 24
\BOOKMARK [3][-]{subsubsection.6.1.8}{\376\377\0006\000.\0001\000.\0008\000\040\000f\000r\000e\000e\000\137\000m\000e\000m\000o\000r\000y}{subsection.6.1}% 25
\BOOKMARK [4][-]{paragraph.6.1.8.1}{\376\377\0006\000.\0001\000.\0008\000.\0001\000\040\000W\000a\000l\000k\000t\000h\000r\000o\000u\000g\000h}{subsubsection.6.1.8}% 26
\BOOKMARK [3][-]{subsubsection.6.1.9}{\376\377\0006\000.\0001\000.\0009\000\040\000m\000a\000i\000n}{subsection.6.1}% 27
\BOOKMARK [4][-]{paragraph.6.1.9.1}{\376\377\0006\000.\0001\000.\0009\000.\0001\000\040\000W\000a\000l\000k\000t\000h\000r\000o\000u\000g\000h}{subsubsection.6.1.9}% 28
\BOOKMARK [2][-]{subsection.6.2}{\376\377\0006\000.\0002\000\040\000t\000r\000a\000n\000s\000i\000t\000s\000t\000d\000.\000c\000:}{section.6}% 29
\BOOKMARK [3][-]{subsubsection.6.2.1}{\376\377\0006\000.\0002\000.\0001\000\040\000L\000i\000s\000t\000\040\000o\000f\000\040\000F\000u\000n\000c\000t\000i\000o\000n\000s\000\040\000D\000e\000f\000i\000n\000e\000d\000\040\000i\000n\000\040\000t\000r\000a\000n\000s\000i\000t\000s\000t\000d\000.\000c}{subsection.6.2}% 30
\BOOKMARK [3][-]{subsubsection.6.2.2}{\376\377\0006\000.\0002\000.\0002\000\040\000t\000r\000\137\000o\000u\000t\000p\000u\000t\000\137\000f\000c\000n\000:}{subsection.6.2}% 31
\BOOKMARK [4][-]{paragraph.6.2.2.1}{\376\377\0006\000.\0002\000.\0002\000.\0001\000\040\000W\000a\000l\000k\000t\000h\000r\000o\000u\000g\000h}{subsubsection.6.2.2}% 32
\BOOKMARK [3][-]{subsubsection.6.2.3}{\376\377\0006\000.\0002\000.\0003\000\040\000t\000r\000\137\000o\000u\000t\000p\000u\000t\000\137\000v\000f\000c\000n\000:}{subsection.6.2}% 33
\BOOKMARK [4][-]{paragraph.6.2.3.1}{\376\377\0006\000.\0002\000.\0003\000.\0001\000\040\000W\000a\000l\000k\000t\000h\000r\000o\000u\000g\000h}{subsubsection.6.2.3}% 34
\BOOKMARK [3][-]{subsubsection.6.2.4}{\376\377\0006\000.\0002\000.\0004\000\040\000f\000i\000l\000e\000e\000x\000i\000s\000t\000o\000p\000e\000n\000:}{subsection.6.2}% 35
\BOOKMARK [4][-]{paragraph.6.2.4.1}{\376\377\0006\000.\0002\000.\0004\000.\0001\000\040\000W\000a\000l\000k\000t\000h\000r\000o\000u\000g\000h}{subsubsection.6.2.4}% 36
\BOOKMARK [3][-]{subsubsection.6.2.5}{\376\377\0006\000.\0002\000.\0005\000\040\000v\000e\000r\000b\000f\000i\000l\000e\000o\000p\000e\000n\000:}{subsection.6.2}% 37
\BOOKMARK [4][-]{paragraph.6.2.5.1}{\376\377\0006\000.\0002\000.\0005\000.\0001\000\040\000W\000a\000l\000k\000t\000h\000r\000o\000u\000g\000h}{subsubsection.6.2.5}% 38
\BOOKMARK [3][-]{subsubsection.6.2.6}{\376\377\0006\000.\0002\000.\0006\000\040\000t\000r\000a\000n\000s\000i\000t\000c\000h\000e\000c\000k\000c\000a\000l\000l\000e\000d\000:}{subsection.6.2}% 39
\BOOKMARK [4][-]{paragraph.6.2.6.1}{\376\377\0006\000.\0002\000.\0006\000.\0001\000\040\000W\000a\000l\000k\000t\000h\000r\000o\000u\000g\000h}{subsubsection.6.2.6}% 40
\BOOKMARK [3][-]{subsubsection.6.2.7}{\376\377\0006\000.\0002\000.\0007\000\040\000e\000r\000r\000o\000r\000:}{subsection.6.2}% 41
\BOOKMARK [4][-]{paragraph.6.2.7.1}{\376\377\0006\000.\0002\000.\0007\000.\0001\000\040\000W\000a\000l\000k\000t\000h\000r\000o\000u\000g\000h}{subsubsection.6.2.7}% 42
\BOOKMARK [2][-]{subsection.6.3}{\376\377\0006\000.\0003\000\040\000a\000r\000g\000u\000m\000.\000c\000:}{section.6}% 43
\BOOKMARK [3][-]{subsubsection.6.3.1}{\376\377\0006\000.\0003\000.\0001\000\040\000L\000i\000s\000t\000\040\000o\000f\000\040\000F\000u\000n\000c\000t\000i\000o\000n\000s\000\040\000D\000e\000f\000i\000n\000e\000d\000\040\000i\000n\000\040\000a\000r\000g\000u\000m\000.\000c\000:}{subsection.6.3}% 44
\BOOKMARK [3][-]{subsubsection.6.3.2}{\376\377\0006\000.\0003\000.\0002\000\040\000p\000r\000o\000c\000e\000s\000s\000p\000a\000r\000a\000m\000e\000t\000e\000r\000s\000:}{subsection.6.3}% 45
\BOOKMARK [4][-]{paragraph.6.3.2.1}{\376\377\0006\000.\0003\000.\0002\000.\0001\000\040\000V\000a\000r\000i\000a\000b\000l\000e\000s\000\040\000M\000o\000d\000i\000f\000i\000e\000d\000:}{subsubsection.6.3.2}% 46
\BOOKMARK [4][-]{paragraph.6.3.2.2}{\376\377\0006\000.\0003\000.\0002\000.\0002\000\040\000W\000a\000l\000k\000t\000h\000r\000o\000u\000g\000h\000:}{subsubsection.6.3.2}% 47
\BOOKMARK [3][-]{subsubsection.6.3.3}{\376\377\0006\000.\0003\000.\0003\000\040\000a\000c\000c\000e\000p\000t\000s\000o\000l\000t\000y\000p\000e\000:}{subsection.6.3}% 48
\BOOKMARK [4][-]{paragraph.6.3.3.1}{\376\377\0006\000.\0003\000.\0003\000.\0001\000\040\000W\000a\000l\000k\000t\000h\000r\000o\000u\000g\000h}{subsubsection.6.3.3}% 49
\BOOKMARK [3][-]{subsubsection.6.3.4}{\376\377\0006\000.\0003\000.\0004\000\040\000a\000c\000c\000e\000p\000t\000g\000e\000n\000h\000i\000n\000t\000s\000:}{subsection.6.3}% 50
\BOOKMARK [4][-]{paragraph.6.3.4.1}{\376\377\0006\000.\0003\000.\0004\000.\0001\000\040\000V\000a\000r\000i\000a\000b\000l\000e\000s\000\040\000M\000o\000d\000i\000f\000i\000e\000d}{subsubsection.6.3.4}% 51
\BOOKMARK [4][-]{paragraph.6.3.4.2}{\376\377\0006\000.\0003\000.\0004\000.\0002\000\040\000W\000a\000l\000k\000t\000h\000r\000o\000u\000g\000h\000:}{subsubsection.6.3.4}% 52
\BOOKMARK [3][-]{subsubsection.6.3.5}{\376\377\0006\000.\0003\000.\0005\000\040\000s\000a\000v\000e\000h\000i\000n\000t\000:}{subsection.6.3}% 53
\BOOKMARK [4][-]{paragraph.6.3.5.1}{\376\377\0006\000.\0003\000.\0005\000.\0001\000\040\000W\000a\000l\000k\000t\000h\000r\000o\000u\000g\000h}{subsubsection.6.3.5}% 54
\BOOKMARK [3][-]{subsubsection.6.3.6}{\376\377\0006\000.\0003\000.\0006\000\040\000r\000e\000s\000t\000h\000i\000n\000t\000:}{subsection.6.3}% 55
\BOOKMARK [4][-]{paragraph.6.3.6.1}{\376\377\0006\000.\0003\000.\0006\000.\0001\000\040\000V\000a\000r\000i\000a\000b\000l\000e\000s\000\040\000M\000o\000d\000i\000f\000i\000e\000d}{subsubsection.6.3.6}% 56
\BOOKMARK [4][-]{paragraph.6.3.6.2}{\376\377\0006\000.\0003\000.\0006\000.\0002\000\040\000W\000a\000l\000k\000t\000h\000r\000o\000u\000g\000h}{subsubsection.6.3.6}% 57
\BOOKMARK [3][-]{subsubsection.6.3.7}{\376\377\0006\000.\0003\000.\0007\000\040\000f\000r\000e\000e\000m\000e\000m\000\137\000h\000i\000n\000t\000s\000:}{subsection.6.3}% 58
\BOOKMARK [4][-]{paragraph.6.3.7.1}{\376\377\0006\000.\0003\000.\0007\000.\0001\000\040\000V\000a\000r\000i\000a\000b\000l\000e\000s\000\040\000M\000o\000d\000i\000f\000i\000e\000d}{subsubsection.6.3.7}% 59
\BOOKMARK [4][-]{paragraph.6.3.7.2}{\376\377\0006\000.\0003\000.\0007\000.\0002\000\040\000W\000a\000l\000k\000t\000h\000r\000o\000u\000g\000h}{subsubsection.6.3.7}% 60
\BOOKMARK [2][-]{subsection.6.4}{\376\377\0006\000.\0004\000\040\000g\000e\000o\000m\000e\000t\000r\000y\000.\000c\000:}{section.6}% 61
\BOOKMARK [3][-]{subsubsection.6.4.1}{\376\377\0006\000.\0004\000.\0001\000\040\000L\000i\000s\000t\000\040\000o\000f\000\040\000F\000u\000n\000c\000t\000i\000o\000n\000s\000\040\000D\000e\000f\000i\000n\000e\000d\000\040\000i\000n\000\040\000g\000e\000o\000m\000e\000t\000r\000y\000.\000c\000:}{subsection.6.4}% 62
\BOOKMARK [3][-]{subsubsection.6.4.2}{\376\377\0006\000.\0004\000.\0002\000\040\000s\000e\000t\000g\000e\000o\000m\000h\000i\000n\000t}{subsection.6.4}% 63
\BOOKMARK [4][-]{paragraph.6.4.2.1}{\376\377\0006\000.\0004\000.\0002\000.\0001\000\040\000M\000o\000d\000i\000f\000i\000e\000d}{subsubsection.6.4.2}% 64
\BOOKMARK [4][-]{paragraph.6.4.2.2}{\376\377\0006\000.\0004\000.\0002\000.\0002\000\040\000W\000a\000l\000k\000t\000h\000r\000o\000u\000g\000h}{subsubsection.6.4.2}% 65
\BOOKMARK [3][-]{subsubsection.6.4.3}{\376\377\0006\000.\0004\000.\0003\000\040\000s\000e\000t\000g\000e\000o\000m}{subsection.6.4}% 66
\BOOKMARK [4][-]{paragraph.6.4.3.1}{\376\377\0006\000.\0004\000.\0003\000.\0001\000\040\000M\000o\000d\000i\000f\000i\000e\000d}{subsubsection.6.4.3}% 67
\BOOKMARK [4][-]{paragraph.6.4.3.2}{\376\377\0006\000.\0004\000.\0003\000.\0002\000\040\000W\000a\000l\000k\000t\000h\000r\000o\000u\000g\000h}{subsubsection.6.4.3}% 68
\BOOKMARK [3][-]{subsubsection.6.4.4}{\376\377\0006\000.\0004\000.\0004\000\040\000s\000t\000a\000r\000v\000a\000r\000i\000a\000t\000i\000o\000n}{subsection.6.4}% 69
\BOOKMARK [4][-]{paragraph.6.4.4.1}{\376\377\0006\000.\0004\000.\0004\000.\0001\000\040\000W\000a\000l\000k\000t\000h\000r\000o\000u\000g\000h}{subsubsection.6.4.4}% 70
\BOOKMARK [2][-]{subsection.6.5}{\376\377\0006\000.\0005\000\040\000r\000e\000a\000d\000l\000i\000n\000e\000i\000n\000f\000o\000.\000c\000:}{section.6}% 71
\BOOKMARK [3][-]{subsubsection.6.5.1}{\376\377\0006\000.\0005\000.\0001\000\040\000L\000i\000s\000t\000\040\000o\000f\000\040\000F\000u\000n\000c\000t\000i\000o\000n\000s\000\040\000D\000e\000f\000i\000n\000e\000d\000\040\000i\000n\000\040\000r\000e\000a\000d\000l\000i\000n\000e\000i\000n\000f\000o\000.\000c\000:}{subsection.6.5}% 72
\BOOKMARK [3][-]{subsubsection.6.5.2}{\376\377\0006\000.\0005\000.\0002\000\040\000r\000e\000a\000d\000l\000i\000n\000e\000i\000n\000f\000o\000:}{subsection.6.5}% 73
\BOOKMARK [4][-]{paragraph.6.5.2.1}{\376\377\0006\000.\0005\000.\0002\000.\0001\000\040\000V\000a\000r\000i\000a\000b\000l\000e\000s\000\040\000M\000o\000d\000i\000f\000i\000e\000d}{subsubsection.6.5.2}% 74
\BOOKMARK [4][-]{paragraph.6.5.2.2}{\376\377\0006\000.\0005\000.\0002\000.\0002\000\040\000W\000a\000l\000k\000t\000h\000r\000o\000u\000g\000h}{subsubsection.6.5.2}% 75
\BOOKMARK [3][-]{subsubsection.6.5.3}{\376\377\0006\000.\0005\000.\0003\000\040\000r\000e\000a\000d\000i\000n\000f\000o\000\137\000t\000l\000i\000:}{subsection.6.5}% 76
\BOOKMARK [4][-]{paragraph.6.5.3.1}{\376\377\0006\000.\0005\000.\0003\000.\0001\000\040\000V\000a\000r\000i\000a\000b\000l\000e\000s\000\040\000M\000o\000d\000i\000f\000i\000e\000d}{subsubsection.6.5.3}% 77
\BOOKMARK [4][-]{paragraph.6.5.3.2}{\376\377\0006\000.\0005\000.\0003\000.\0002\000\040\000W\000a\000l\000k\000t\000h\000r\000o\000u\000g\000h}{subsubsection.6.5.3}% 78
\BOOKMARK [3][-]{subsubsection.6.5.4}{\376\377\0006\000.\0005\000.\0004\000\040\000r\000e\000a\000d\000t\000l\000i\000\137\000b\000i\000n\000:}{subsection.6.5}% 79
\BOOKMARK [4][-]{paragraph.6.5.4.1}{\376\377\0006\000.\0005\000.\0004\000.\0001\000\040\000V\000a\000r\000i\000a\000b\000l\000e\000s\000\040\000M\000o\000d\000i\000f\000i\000e\000d}{subsubsection.6.5.4}% 80
\BOOKMARK [4][-]{paragraph.6.5.4.2}{\376\377\0006\000.\0005\000.\0004\000.\0002\000\040\000W\000a\000l\000k\000t\000h\000r\000o\000u\000g\000h}{subsubsection.6.5.4}% 81
\BOOKMARK [3][-]{subsubsection.6.5.5}{\376\377\0006\000.\0005\000.\0005\000\040\000c\000h\000e\000c\000k\000r\000a\000n\000g\000e\000:}{subsection.6.5}% 82
\BOOKMARK [4][-]{paragraph.6.5.5.1}{\376\377\0006\000.\0005\000.\0005\000.\0001\000\040\000W\000a\000l\000k\000t\000h\000r\000o\000u\000g\000h}{subsubsection.6.5.5}% 83
\BOOKMARK [3][-]{subsubsection.6.5.6}{\376\377\0006\000.\0005\000.\0006\000\040\000r\000e\000a\000d\000d\000a\000t\000a\000r\000n\000g\000:}{subsection.6.5}% 84
\BOOKMARK [4][-]{paragraph.6.5.6.1}{\376\377\0006\000.\0005\000.\0006\000.\0001\000\040\000V\000a\000r\000i\000a\000b\000l\000e\000s\000\040\000M\000o\000d\000i\000f\000i\000e\000d}{subsubsection.6.5.6}% 85
\BOOKMARK [4][-]{paragraph.6.5.6.2}{\376\377\0006\000.\0005\000.\0006\000.\0002\000\040\000W\000a\000l\000k\000t\000h\000r\000o\000u\000g\000h}{subsubsection.6.5.6}% 86
\BOOKMARK [3][-]{subsubsection.6.5.7}{\376\377\0006\000.\0005\000.\0007\000\040\000d\000a\000t\000a\000f\000i\000l\000e\000B\000S\000:}{subsection.6.5}% 87
\BOOKMARK [4][-]{paragraph.6.5.7.1}{\376\377\0006\000.\0005\000.\0007\000.\0001\000\040\000W\000a\000l\000k\000t\000h\000r\000o\000u\000g\000h}{subsubsection.6.5.7}% 88
\BOOKMARK [3][-]{subsubsection.6.5.8}{\376\377\0006\000.\0005\000.\0008\000\040\000s\000e\000t\000i\000m\000o\000l\000:}{subsection.6.5}% 89
\BOOKMARK [4][-]{paragraph.6.5.8.1}{\376\377\0006\000.\0005\000.\0008\000.\0001\000\040\000V\000a\000r\000i\000a\000b\000l\000e\000s\000\040\000M\000o\000d\000i\000f\000i\000e\000d}{subsubsection.6.5.8}% 90
\BOOKMARK [4][-]{paragraph.6.5.8.2}{\376\377\0006\000.\0005\000.\0008\000.\0002\000\040\000W\000a\000l\000k\000t\000h\000r\000o\000u\000g\000h}{subsubsection.6.5.8}% 91
\BOOKMARK [2][-]{subsection.6.6}{\376\377\0006\000.\0006\000\040\000r\000e\000a\000d\000a\000t\000m\000.\000c\000:}{section.6}% 92
\BOOKMARK [3][-]{subsubsection.6.6.1}{\376\377\0006\000.\0006\000.\0001\000\040\000L\000i\000s\000t\000\040\000o\000f\000\040\000F\000u\000n\000c\000t\000i\000o\000n\000s\000\040\000D\000e\000f\000i\000n\000e\000d\000\040\000i\000n\000\040\000r\000e\000a\000d\000a\000t\000m\000.\000c\000:}{subsection.6.6}% 93
\BOOKMARK [3][-]{subsubsection.6.6.2}{\376\377\0006\000.\0006\000.\0002\000\040\000g\000e\000t\000a\000t\000m\000:}{subsection.6.6}% 94
\BOOKMARK [4][-]{paragraph.6.6.2.1}{\376\377\0006\000.\0006\000.\0002\000.\0001\000\040\000V\000a\000r\000i\000a\000b\000l\000e\000s\000\040\000M\000o\000d\000i\000f\000i\000e\000d\000:}{subsubsection.6.6.2}% 95
\BOOKMARK [4][-]{paragraph.6.6.2.2}{\376\377\0006\000.\0006\000.\0002\000.\0002\000\040\000W\000a\000l\000k\000t\000h\000r\000o\000u\000g\000h\000:}{subsubsection.6.6.2}% 96
\BOOKMARK [3][-]{subsubsection.6.6.3}{\376\377\0006\000.\0006\000.\0003\000\040\000c\000h\000e\000c\000k\000a\000d\000d\000m\000m\000:}{subsection.6.6}% 97
\BOOKMARK [4][-]{paragraph.6.6.3.1}{\376\377\0006\000.\0006\000.\0003\000.\0001\000\040\000W\000a\000l\000k\000t\000h\000r\000o\000u\000g\000h}{subsubsection.6.6.3}% 98
\BOOKMARK [3][-]{subsubsection.6.6.4}{\376\377\0006\000.\0006\000.\0004\000\040\000g\000e\000t\000m\000n\000f\000r\000o\000m\000f\000i\000l\000e\000:}{subsection.6.6}% 99
\BOOKMARK [4][-]{paragraph.6.6.4.1}{\376\377\0006\000.\0006\000.\0004\000.\0001\000\040\000V\000a\000r\000i\000a\000b\000l\000e\000s\000\040\000M\000o\000d\000i\000f\000i\000e\000d}{subsubsection.6.6.4}% 100
\BOOKMARK [3][-]{subsubsection.6.6.5}{\376\377\0006\000.\0006\000.\0005\000\040\000r\000e\000a\000d\000a\000t\000m\000f\000i\000l\000e\000:}{subsection.6.6}% 101
\BOOKMARK [4][-]{paragraph.6.6.5.1}{\376\377\0006\000.\0006\000.\0005\000.\0001\000\040\000V\000a\000r\000i\000a\000b\000l\000e\000s\000\040\000M\000o\000d\000i\000f\000i\000e\000d}{subsubsection.6.6.5}% 102
\BOOKMARK [4][-]{paragraph.6.6.5.2}{\376\377\0006\000.\0006\000.\0005\000.\0002\000\040\000W\000a\000l\000k\000t\000h\000r\000o\000u\000g\000h}{subsubsection.6.6.5}% 103
\BOOKMARK [3][-]{subsubsection.6.6.6}{\376\377\0006\000.\0006\000.\0006\000\040\000g\000e\000t\000m\000o\000l\000d\000a\000t\000a\000:}{subsection.6.6}% 104
\BOOKMARK [4][-]{paragraph.6.6.6.1}{\376\377\0006\000.\0006\000.\0006\000.\0001\000\040\000V\000a\000r\000i\000a\000b\000l\000e\000s\000\040\000M\000o\000d\000i\000f\000i\000e\000d}{subsubsection.6.6.6}% 105
\BOOKMARK [4][-]{paragraph.6.6.6.2}{\376\377\0006\000.\0006\000.\0006\000.\0002\000\040\000W\000a\000l\000k\000t\000h\000r\000o\000u\000g\000h}{subsubsection.6.6.6}% 106
\BOOKMARK [3][-]{subsubsection.6.6.7}{\376\377\0006\000.\0006\000.\0007\000\040\000r\000e\000l\000o\000a\000d\000a\000t\000m\000:}{subsection.6.6}% 107
\BOOKMARK [4][-]{paragraph.6.6.7.1}{\376\377\0006\000.\0006\000.\0007\000.\0001\000\040\000V\000a\000r\000i\000a\000b\000l\000e\000s\000\040\000M\000o\000d\000i\000f\000i\000e\000d}{subsubsection.6.6.7}% 108
\BOOKMARK [4][-]{paragraph.6.6.7.2}{\376\377\0006\000.\0006\000.\0007\000.\0002\000\040\000W\000a\000l\000k\000t\000h\000r\000o\000u\000g\000h}{subsubsection.6.6.7}% 109
\BOOKMARK [3][-]{subsubsection.6.6.8}{\376\377\0006\000.\0006\000.\0008\000\040\000r\000a\000d\000p\000r\000e\000s\000s\000:}{subsection.6.6}% 110
\BOOKMARK [4][-]{paragraph.6.6.8.1}{\376\377\0006\000.\0006\000.\0008\000.\0001\000\040\000V\000a\000r\000i\000a\000b\000l\000e\000s\000\040\000M\000o\000d\000i\000f\000i\000e\000d}{subsubsection.6.6.8}% 111
\BOOKMARK [4][-]{paragraph.6.6.8.2}{\376\377\0006\000.\0006\000.\0008\000.\0002\000\040\000W\000a\000l\000k\000t\000h\000r\000o\000u\000g\000h}{subsubsection.6.6.8}% 112
\BOOKMARK [2][-]{subsection.6.7}{\376\377\0006\000.\0007\000\040\000m\000a\000k\000e\000s\000a\000m\000p\000l\000e\000.\000c\000:}{section.6}% 113
\BOOKMARK [3][-]{subsubsection.6.7.1}{\376\377\0006\000.\0007\000.\0001\000\040\000L\000i\000s\000t\000\040\000o\000f\000\040\000F\000u\000n\000c\000t\000i\000o\000n\000s\000\040\000D\000e\000f\000i\000n\000e\000d\000\040\000i\000n\000\040\000m\000a\000k\000e\000s\000a\000m\000p\000l\000e\000.\000c\000:}{subsection.6.7}% 114
\BOOKMARK [3][-]{subsubsection.6.7.2}{\376\377\0006\000.\0007\000.\0002\000\040\000m\000a\000k\000e\000s\000a\000m\000p\000l\000e\0001\000:}{subsection.6.7}% 115
\BOOKMARK [4][-]{paragraph.6.7.2.1}{\376\377\0006\000.\0007\000.\0002\000.\0001\000\040\000W\000a\000l\000k\000t\000h\000r\000o\000u\000g\000h}{subsubsection.6.7.2}% 116
\BOOKMARK [3][-]{subsubsection.6.7.3}{\376\377\0006\000.\0007\000.\0003\000\040\000m\000a\000k\000e\000s\000a\000m\000p\000l\000e\000:}{subsection.6.7}% 117
\BOOKMARK [4][-]{paragraph.6.7.3.1}{\376\377\0006\000.\0007\000.\0003\000.\0001\000\040\000W\000a\000l\000k\000t\000h\000r\000o\000u\000g\000h}{subsubsection.6.7.3}% 118
\BOOKMARK [3][-]{subsubsection.6.7.4}{\376\377\0006\000.\0007\000.\0004\000\040\000m\000a\000k\000e\000w\000n\000s\000a\000m\000p\000l\000e\000:}{subsection.6.7}% 119
\BOOKMARK [4][-]{paragraph.6.7.4.1}{\376\377\0006\000.\0007\000.\0004\000.\0001\000\040\000V\000a\000r\000i\000a\000b\000l\000e\000s\000\040\000M\000o\000d\000i\000f\000i\000e\000d\000:}{subsubsection.6.7.4}% 120
\BOOKMARK [4][-]{paragraph.6.7.4.2}{\376\377\0006\000.\0007\000.\0004\000.\0002\000\040\000W\000a\000l\000k\000t\000h\000r\000o\000u\000g\000h}{subsubsection.6.7.4}% 121
\BOOKMARK [3][-]{subsubsection.6.7.5}{\376\377\0006\000.\0007\000.\0005\000\040\000m\000a\000k\000e\000r\000a\000d\000s\000a\000m\000p\000l\000e\000:}{subsection.6.7}% 122
\BOOKMARK [4][-]{paragraph.6.7.5.1}{\376\377\0006\000.\0007\000.\0005\000.\0001\000\040\000V\000a\000r\000i\000a\000b\000l\000e\000s\000\040\000M\000o\000d\000i\000f\000i\000e\000d\000:}{subsubsection.6.7.5}% 123
\BOOKMARK [4][-]{paragraph.6.7.5.2}{\376\377\0006\000.\0007\000.\0005\000.\0002\000\040\000W\000a\000l\000k\000t\000h\000r\000o\000u\000g\000h\000:}{subsubsection.6.7.5}% 124
\BOOKMARK [3][-]{subsubsection.6.7.6}{\376\377\0006\000.\0007\000.\0006\000\040\000m\000a\000k\000e\000i\000p\000s\000a\000m\000p\000l\000e\000:}{subsection.6.7}% 125
\BOOKMARK [4][-]{paragraph.6.7.6.1}{\376\377\0006\000.\0007\000.\0006\000.\0001\000\040\000V\000a\000r\000i\000a\000b\000l\000e\000s\000\040\000M\000o\000d\000i\000f\000i\000e\000d\000:}{subsubsection.6.7.6}% 126
\BOOKMARK [4][-]{paragraph.6.7.6.2}{\376\377\0006\000.\0007\000.\0006\000.\0002\000\040\000W\000a\000l\000k\000t\000h\000r\000o\000u\000g\000h\000:}{subsubsection.6.7.6}% 127
\BOOKMARK [3][-]{subsubsection.6.7.7}{\376\377\0006\000.\0007\000.\0007\000\040\000m\000a\000k\000e\000t\000e\000m\000p\000s\000a\000m\000p\000l\000e\000:}{subsection.6.7}% 128
\BOOKMARK [4][-]{paragraph.6.7.7.1}{\376\377\0006\000.\0007\000.\0007\000.\0001\000\040\000V\000a\000r\000i\000a\000b\000l\000e\000s\000\040\000M\000o\000d\000i\000f\000i\000e\000d}{subsubsection.6.7.7}% 129
\BOOKMARK [4][-]{paragraph.6.7.7.2}{\376\377\0006\000.\0007\000.\0007\000.\0002\000\040\000W\000a\000l\000k\000t\000h\000r\000o\000u\000g\000h}{subsubsection.6.7.7}% 130
\BOOKMARK [3][-]{subsubsection.6.7.8}{\376\377\0006\000.\0007\000.\0008\000\040\000o\000u\000t\000s\000a\000m\000p\000l\000e\000:}{subsection.6.7}% 131
\BOOKMARK [4][-]{paragraph.6.7.8.1}{\376\377\0006\000.\0007\000.\0008\000.\0001\000\040\000W\000a\000l\000k\000t\000h\000r\000o\000u\000g\000h}{subsubsection.6.7.8}% 132
\BOOKMARK [3][-]{subsubsection.6.7.9}{\376\377\0006\000.\0007\000.\0009\000\040\000p\000r\000i\000n\000t\000s\000a\000m\000p\000l\000e\000:}{subsection.6.7}% 133
\BOOKMARK [4][-]{paragraph.6.7.9.1}{\376\377\0006\000.\0007\000.\0009\000.\0001\000\040\000W\000a\000l\000k\000t\000h\000r\000o\000u\000g\000h}{subsubsection.6.7.9}% 134
\BOOKMARK [2][-]{subsection.6.8}{\376\377\0006\000.\0008\000\040\000o\000p\000a\000c\000i\000t\000y\000.\000c\000:}{section.6}% 135
\BOOKMARK [3][-]{subsubsection.6.8.1}{\376\377\0006\000.\0008\000.\0001\000\040\000L\000i\000s\000t\000\040\000o\000f\000\040\000F\000u\000n\000c\000t\000i\000o\000n\000s\000\040\000D\000e\000f\000i\000n\000e\000d\000\040\000i\000n\000\040\000o\000p\000a\000c\000i\000t\000y\000.\000c\000:}{subsection.6.8}% 136
\BOOKMARK [3][-]{subsubsection.6.8.2}{\376\377\0006\000.\0008\000.\0002\000\040\000o\000p\000a\000c\000i\000t\000y\000:}{subsection.6.8}% 137
\BOOKMARK [4][-]{paragraph.6.8.2.1}{\376\377\0006\000.\0008\000.\0002\000.\0001\000\040\000M\000o\000d\000i\000f\000i\000e\000d}{subsubsection.6.8.2}% 138
\BOOKMARK [4][-]{paragraph.6.8.2.2}{\376\377\0006\000.\0008\000.\0002\000.\0002\000\040\000W\000a\000l\000k\000t\000h\000r\000o\000u\000g\000h}{subsubsection.6.8.2}% 139
\BOOKMARK [3][-]{subsubsection.6.8.3}{\376\377\0006\000.\0008\000.\0003\000\040\000c\000a\000l\000c\000p\000r\000o\000f\000i\000l\000e\000s\000:}{subsection.6.8}% 140
\BOOKMARK [4][-]{paragraph.6.8.3.1}{\376\377\0006\000.\0008\000.\0003\000.\0001\000\040\000M\000o\000d\000i\000f\000i\000e\000d}{subsubsection.6.8.3}% 141
\BOOKMARK [4][-]{paragraph.6.8.3.2}{\376\377\0006\000.\0008\000.\0003\000.\0002\000\040\000W\000a\000l\000k\000t\000h\000r\000o\000u\000g\000h}{subsubsection.6.8.3}% 142
\BOOKMARK [3][-]{subsubsection.6.8.4}{\376\377\0006\000.\0008\000.\0004\000\040\000c\000a\000l\000c\000o\000p\000a\000c\000i\000t\000y\000:}{subsection.6.8}% 143
\BOOKMARK [4][-]{paragraph.6.8.4.1}{\376\377\0006\000.\0008\000.\0004\000.\0001\000\040\000M\000o\000d\000i\000f\000i\000e\000d}{subsubsection.6.8.4}% 144
\BOOKMARK [4][-]{paragraph.6.8.4.2}{\376\377\0006\000.\0008\000.\0004\000.\0002\000\040\000W\000a\000l\000k\000t\000h\000r\000o\000u\000g\000h}{subsubsection.6.8.4}% 145
\BOOKMARK [3][-]{subsubsection.6.8.5}{\376\377\0006\000.\0008\000.\0005\000\040\000r\000e\000a\000d\000o\000p\000a\000c\000i\000t\000y\000:}{subsection.6.8}% 146
\BOOKMARK [4][-]{paragraph.6.8.5.1}{\376\377\0006\000.\0008\000.\0005\000.\0001\000\040\000M\000o\000d\000i\000f\000i\000e\000d}{subsubsection.6.8.5}% 147
\BOOKMARK [4][-]{paragraph.6.8.5.2}{\376\377\0006\000.\0008\000.\0005\000.\0002\000\040\000W\000a\000l\000k\000t\000h\000r\000o\000u\000g\000h}{subsubsection.6.8.5}% 148
\BOOKMARK [2][-]{subsection.6.9}{\376\377\0006\000.\0009\000\040\000c\000r\000o\000s\000s\000s\000e\000c\000.\000c\000:}{section.6}% 149
\BOOKMARK [3][-]{subsubsection.6.9.1}{\376\377\0006\000.\0009\000.\0001\000\040\000L\000i\000s\000t\000\040\000o\000f\000\040\000F\000u\000n\000c\000t\000i\000o\000n\000s\000\040\000D\000e\000f\000i\000n\000e\000d\000\040\000i\000n\000\040\000c\000r\000o\000s\000s\000s\000e\000c\000.\000c\000:}{subsection.6.9}% 150
\BOOKMARK [3][-]{subsubsection.6.9.2}{\376\377\0006\000.\0009\000.\0002\000\040\000r\000e\000a\000d\000c\000s\000:}{subsection.6.9}% 151
\BOOKMARK [4][-]{paragraph.6.9.2.1}{\376\377\0006\000.\0009\000.\0002\000.\0001\000\040\000M\000o\000d\000i\000f\000i\000e\000d}{subsubsection.6.9.2}% 152
\BOOKMARK [4][-]{paragraph.6.9.2.2}{\376\377\0006\000.\0009\000.\0002\000.\0002\000\040\000W\000a\000l\000k\000t\000h\000r\000o\000u\000g\000h}{subsubsection.6.9.2}% 153
\BOOKMARK [3][-]{subsubsection.6.9.3}{\376\377\0006\000.\0009\000.\0003\000\040\000i\000n\000t\000e\000r\000p\000c\000s\000:}{subsection.6.9}% 154
\BOOKMARK [4][-]{paragraph.6.9.3.1}{\376\377\0006\000.\0009\000.\0003\000.\0001\000\040\000M\000o\000d\000i\000f\000i\000e\000d}{subsubsection.6.9.3}% 155
\BOOKMARK [4][-]{paragraph.6.9.3.2}{\376\377\0006\000.\0009\000.\0003\000.\0002\000\040\000W\000a\000l\000k\000t\000h\000r\000o\000u\000g\000h}{subsubsection.6.9.3}% 156
\BOOKMARK [3][-]{subsubsection.6.9.4}{\376\377\0006\000.\0009\000.\0004\000\040\000b\000i\000c\000u\000b\000i\000c\000i\000n\000t\000e\000r\000p\000o\000l\000a\000t\000e\000:}{subsection.6.9}% 157
\BOOKMARK [4][-]{paragraph.6.9.4.1}{\376\377\0006\000.\0009\000.\0004\000.\0001\000\040\000W\000a\000l\000k\000t\000h\000r\000o\000u\000g\000h}{subsubsection.6.9.4}% 158
\BOOKMARK [2][-]{subsection.6.10}{\376\377\0006\000.\0001\0000\000\040\000i\000d\000x\000r\000e\000f\000r\000a\000c\000t\000i\000o\000n\000.\000c\000:}{section.6}% 159
\BOOKMARK [3][-]{subsubsection.6.10.1}{\376\377\0006\000.\0001\0000\000.\0001\000\040\000L\000i\000s\000t\000\040\000o\000f\000\040\000F\000u\000n\000c\000t\000i\000o\000n\000s\000\040\000D\000e\000f\000i\000n\000e\000d\000\040\000i\000n\000\040\000i\000d\000x\000r\000e\000f\000r\000a\000c\000t\000i\000o\000n\000.\000c\000:}{subsection.6.10}% 160
\BOOKMARK [3][-]{subsubsection.6.10.2}{\376\377\0006\000.\0001\0000\000.\0002\000\040\000i\000d\000x\000r\000e\000f\000r\000a\000c\000:}{subsection.6.10}% 161
\BOOKMARK [4][-]{paragraph.6.10.2.1}{\376\377\0006\000.\0001\0000\000.\0002\000.\0001\000\040\000V\000a\000r\000i\000a\000b\000l\000e\000s\000\040\000M\000o\000d\000i\000f\000i\000e\000d}{subsubsection.6.10.2}% 162
\BOOKMARK [4][-]{paragraph.6.10.2.2}{\376\377\0006\000.\0001\0000\000.\0002\000.\0002\000\040\000W\000a\000l\000k\000t\000h\000r\000o\000u\000g\000h}{subsubsection.6.10.2}% 163
\BOOKMARK [2][-]{subsection.6.11}{\376\377\0006\000.\0001\0001\000\040\000e\000x\000t\000i\000n\000c\000t\000i\000o\000n\000.\000c\000:}{section.6}% 164
\BOOKMARK [3][-]{subsubsection.6.11.1}{\376\377\0006\000.\0001\0001\000.\0001\000\040\000\040\000L\000i\000s\000t\000\040\000o\000f\000\040\000F\000u\000n\000c\000t\000i\000o\000n\000s\000\040\000D\000e\000f\000i\000n\000e\000d\000\040\000i\000n\000\040\000e\000x\000t\000i\000n\000c\000t\000i\000o\000n\000.\000c\000:}{subsection.6.11}% 165
\BOOKMARK [3][-]{subsubsection.6.11.2}{\376\377\0006\000.\0001\0001\000.\0002\000\040\000g\000e\000t\000p\000r\000o\000f\000i\000l\000e}{subsection.6.11}% 166
\BOOKMARK [4][-]{paragraph.6.11.2.1}{\376\377\0006\000.\0001\0001\000.\0002\000.\0001\000\040\000V\000a\000r\000i\000a\000b\000l\000e\000s\000\040\000M\000o\000d\000i\000f\000i\000e\000d}{subsubsection.6.11.2}% 167
\BOOKMARK [4][-]{paragraph.6.11.2.2}{\376\377\0006\000.\0001\0001\000.\0002\000.\0002\000\040\000W\000a\000l\000k\000t\000h\000r\000o\000u\000g\000h}{subsubsection.6.11.2}% 168
\BOOKMARK [3][-]{subsubsection.6.11.3}{\376\377\0006\000.\0001\0001\000.\0003\000\040\000e\000x\000t\000w\000n\000:}{subsection.6.11}% 169
\BOOKMARK [4][-]{paragraph.6.11.3.1}{\376\377\0006\000.\0001\0001\000.\0003\000.\0001\000\040\000M\000o\000d\000i\000f\000i\000e\000d\000:}{subsubsection.6.11.3}% 170
\BOOKMARK [4][-]{paragraph.6.11.3.2}{\376\377\0006\000.\0001\0001\000.\0003\000.\0002\000\040\000W\000a\000l\000k\000t\000h\000r\000o\000u\000g\000h\000:}{subsubsection.6.11.3}% 171
\BOOKMARK [3][-]{subsubsection.6.11.4}{\376\377\0006\000.\0001\0001\000.\0004\000\040\000c\000o\000m\000p\000u\000t\000e\000m\000o\000l\000e\000x\000t\000:}{subsection.6.11}% 172
\BOOKMARK [4][-]{paragraph.6.11.4.1}{\376\377\0006\000.\0001\0001\000.\0004\000.\0001\000\040\000M\000o\000d\000i\000f\000i\000e\000d}{subsubsection.6.11.4}% 173
\BOOKMARK [4][-]{paragraph.6.11.4.2}{\376\377\0006\000.\0001\0001\000.\0004\000.\0002\000\040\000W\000a\000l\000k\000t\000h\000r\000o\000u\000g\000h}{subsubsection.6.11.4}% 174
\BOOKMARK [3][-]{subsubsection.6.11.5}{\376\377\0006\000.\0001\0001\000.\0005\000\040\000i\000n\000t\000e\000r\000p\000o\000l\000m\000o\000l\000e\000x\000t\000:}{subsection.6.11}% 175
\BOOKMARK [4][-]{paragraph.6.11.5.1}{\376\377\0006\000.\0001\0001\000.\0005\000.\0001\000\040\000M\000o\000d\000i\000f\000i\000e\000d}{subsubsection.6.11.5}% 176
\BOOKMARK [4][-]{paragraph.6.11.5.2}{\376\377\0006\000.\0001\0001\000.\0005\000.\0002\000\040\000W\000a\000l\000k\000t\000h\000r\000o\000u\000g\000h}{subsubsection.6.11.5}% 177
\BOOKMARK [3][-]{subsubsection.6.11.6}{\376\377\0006\000.\0001\0001\000.\0006\000\040\000c\000o\000m\000p\000u\000t\000e\000e\000x\000t\000s\000c\000a\000t\000:}{subsection.6.11}% 178
\BOOKMARK [4][-]{paragraph.6.11.6.1}{\376\377\0006\000.\0001\0001\000.\0006\000.\0001\000\040\000M\000o\000d\000i\000f\000i\000e\000d}{subsubsection.6.11.6}% 179
\BOOKMARK [4][-]{paragraph.6.11.6.2}{\376\377\0006\000.\0001\0001\000.\0006\000.\0002\000\040\000W\000a\000l\000k\000t\000h\000r\000o\000u\000g\000h}{subsubsection.6.11.6}% 180
\BOOKMARK [3][-]{subsubsection.6.11.7}{\376\377\0006\000.\0001\0001\000.\0007\000\040\000c\000o\000m\000p\000u\000t\000e\000e\000x\000t\000c\000l\000o\000u\000d\000:}{subsection.6.11}% 181
\BOOKMARK [4][-]{paragraph.6.11.7.1}{\376\377\0006\000.\0001\0001\000.\0007\000.\0001\000\040\000M\000o\000d\000i\000f\000i\000e\000d}{subsubsection.6.11.7}% 182
\BOOKMARK [4][-]{paragraph.6.11.7.2}{\376\377\0006\000.\0001\0001\000.\0007\000.\0002\000\040\000W\000a\000l\000k\000t\000h\000r\000o\000u\000g\000h}{subsubsection.6.11.7}% 183
\BOOKMARK [2][-]{subsection.6.12}{\376\377\0006\000.\0001\0002\000\040\000t\000a\000u\000.\000c\000:}{section.6}% 184
\BOOKMARK [3][-]{subsubsection.6.12.1}{\376\377\0006\000.\0001\0002\000.\0001\000\040\000L\000i\000s\000t\000\040\000o\000f\000\040\000F\000u\000n\000c\000t\000i\000o\000n\000s\000\040\000D\000e\000f\000i\000n\000e\000d\000\040\000i\000n\000\040\000t\000a\000u\000.\000c\000:}{subsection.6.12}% 185
\BOOKMARK [3][-]{subsubsection.6.12.2}{\376\377\0006\000.\0001\0002\000.\0002\000\040\000t\000a\000u\000:}{subsection.6.12}% 186
\BOOKMARK [4][-]{paragraph.6.12.2.1}{\376\377\0006\000.\0001\0002\000.\0002\000.\0001\000\040\000V\000a\000r\000i\000a\000b\000l\000e\000s\000\040\000M\000o\000d\000i\000f\000i\000e\000d\000:}{subsubsection.6.12.2}% 187
\BOOKMARK [4][-]{paragraph.6.12.2.2}{\376\377\0006\000.\0001\0002\000.\0002\000.\0002\000\040\000W\000a\000l\000k\000t\000h\000r\000o\000u\000g\000h\000:}{subsubsection.6.12.2}% 188
\BOOKMARK [3][-]{subsubsection.6.12.3}{\376\377\0006\000.\0001\0002\000.\0003\000\040\000i\000n\000i\000t\000\137\000o\000p\000t\000d\000e\000p\000t\000h\000:}{subsection.6.12}% 189
\BOOKMARK [4][-]{paragraph.6.12.3.1}{\376\377\0006\000.\0001\0002\000.\0003\000.\0001\000\040\000V\000a\000r\000i\000a\000b\000l\000e\000s\000\040\000M\000o\000d\000i\000f\000i\000e\000d\000:}{subsubsection.6.12.3}% 190
\BOOKMARK [4][-]{paragraph.6.12.3.2}{\376\377\0006\000.\0001\0002\000.\0003\000.\0002\000\040\000W\000a\000l\000k\000t\000h\000r\000o\000u\000g\000h\000:}{subsubsection.6.12.3}% 191
\BOOKMARK [3][-]{subsubsection.6.12.4}{\376\377\0006\000.\0001\0002\000.\0004\000\040\000d\000e\000t\000a\000i\000l\000o\000u\000t\000:}{subsection.6.12}% 192
\BOOKMARK [4][-]{paragraph.6.12.4.1}{\376\377\0006\000.\0001\0002\000.\0004\000.\0001\000\040\000W\000a\000l\000k\000t\000h\000r\000o\000u\000g\000h\000:}{subsubsection.6.12.4}% 193
\BOOKMARK [3][-]{subsubsection.6.12.5}{\376\377\0006\000.\0001\0002\000.\0005\000\040\000f\000r\000e\000e\000m\000e\000m\000\137\000t\000a\000u\000:}{subsection.6.12}% 194
\BOOKMARK [4][-]{paragraph.6.12.5.1}{\376\377\0006\000.\0001\0002\000.\0005\000.\0001\000\040\000V\000a\000r\000i\000a\000b\000l\000e\000s\000\040\000M\000o\000d\000i\000f\000i\000e\000d\000:}{subsubsection.6.12.5}% 195
\BOOKMARK [2][-]{subsection.6.13}{\376\377\0006\000.\0001\0003\000\040\000e\000c\000l\000i\000p\000s\000e\000.\000c\000:}{section.6}% 196
\BOOKMARK [3][-]{subsubsection.6.13.1}{\376\377\0006\000.\0001\0003\000.\0001\000\040\000L\000i\000s\000t\000\040\000o\000f\000\040\000F\000u\000n\000c\000t\000i\000o\000n\000s\000\040\000D\000e\000f\000i\000n\000e\000d\000\040\000i\000n\000\040\000e\000c\000l\000i\000p\000s\000e\000.\000c\000:}{subsection.6.13}% 197
\BOOKMARK [3][-]{subsubsection.6.13.2}{\376\377\0006\000.\0001\0003\000.\0002\000\040\000e\000c\000l\000i\000p\000s\000e\000t\000a\000u}{subsection.6.13}% 198
\BOOKMARK [4][-]{paragraph.6.13.2.1}{\376\377\0006\000.\0001\0003\000.\0002\000.\0001\000\040\000W\000a\000l\000k\000t\000h\000r\000o\000u\000g\000h}{subsubsection.6.13.2}% 199
\BOOKMARK [3][-]{subsubsection.6.13.3}{\376\377\0006\000.\0001\0003\000.\0003\000\040\000e\000c\000l\000i\000p\000s\000e\000\137\000i\000n\000t\000e\000n\000s\000:}{subsection.6.13}% 200
\BOOKMARK [4][-]{paragraph.6.13.3.1}{\376\377\0006\000.\0001\0003\000.\0003\000.\0001\000\040\000W\000a\000l\000k\000t\000h\000r\000o\000u\000g\000h}{subsubsection.6.13.3}% 201
\BOOKMARK [3][-]{subsubsection.6.13.4}{\376\377\0006\000.\0001\0003\000.\0004\000\040\000e\000m\000e\000r\000g\000e\000n\000t\000\137\000i\000n\000t\000e\000n\000s\000:}{subsection.6.13}% 202
\BOOKMARK [4][-]{paragraph.6.13.4.1}{\376\377\0006\000.\0001\0003\000.\0004\000.\0001\000\040\000V\000a\000r\000i\000a\000b\000l\000e\000s\000\040\000M\000o\000d\000i\000f\000i\000e\000d}{subsubsection.6.13.4}% 203
\BOOKMARK [4][-]{paragraph.6.13.4.2}{\376\377\0006\000.\0001\0003\000.\0004\000.\0002\000\040\000W\000a\000l\000k\000t\000h\000r\000o\000u\000g\000h}{subsubsection.6.13.4}% 204
\BOOKMARK [3][-]{subsubsection.6.13.5}{\376\377\0006\000.\0001\0003\000.\0005\000\040\000f\000l\000u\000x\000:}{subsection.6.13}% 205
\BOOKMARK [4][-]{paragraph.6.13.5.1}{\376\377\0006\000.\0001\0003\000.\0005\000.\0001\000\040\000V\000a\000r\000i\000a\000b\000l\000e\000s\000\040\000M\000o\000d\000i\000f\000i\000e\000d}{subsubsection.6.13.5}% 206
\BOOKMARK [4][-]{paragraph.6.13.5.2}{\376\377\0006\000.\0001\0003\000.\0005\000.\0002\000\040\000W\000a\000l\000k\000t\000h\000r\000o\000u\000g\000h}{subsubsection.6.13.5}% 207
\BOOKMARK [2][-]{subsection.6.14}{\376\377\0006\000.\0001\0004\000\040\000s\000l\000a\000n\000t\000p\000a\000t\000h\000.\000c\000:}{section.6}% 208
\BOOKMARK [3][-]{subsubsection.6.14.1}{\376\377\0006\000.\0001\0004\000.\0001\000\040\000L\000i\000s\000t\000\040\000o\000f\000\040\000F\000u\000n\000c\000t\000i\000o\000n\000s\000\040\000D\000e\000f\000i\000n\000e\000d\000\040\000i\000n\000\040\000s\000l\000a\000n\000t\000p\000a\000t\000h\000.\000c\000:}{subsection.6.14}% 209
\BOOKMARK [3][-]{subsubsection.6.14.2}{\376\377\0006\000.\0001\0004\000.\0002\000\040\000t\000o\000t\000a\000l\000t\000a\000u\0001\000:}{subsection.6.14}% 210
\BOOKMARK [4][-]{paragraph.6.14.2.1}{\376\377\0006\000.\0001\0004\000.\0002\000.\0001\000\040\000W\000a\000l\000k\000t\000h\000r\000o\000u\000g\000h\000:}{subsubsection.6.14.2}% 211
\BOOKMARK [3][-]{subsubsection.6.14.3}{\376\377\0006\000.\0001\0004\000.\0003\000\040\000t\000o\000t\000a\000l\000t\000a\000u\0002\000:}{subsection.6.14}% 212
\BOOKMARK [4][-]{paragraph.6.14.3.1}{\376\377\0006\000.\0001\0004\000.\0003\000.\0001\000\040\000W\000a\000l\000k\000t\000h\000r\000o\000u\000g\000h\000:}{subsubsection.6.14.3}% 213
\BOOKMARK [3][-]{subsubsection.6.14.4}{\376\377\0006\000.\0001\0004\000.\0004\000\040\000t\000r\000a\000n\000s\000i\000t\000t\000a\000u\000:}{subsection.6.14}% 214
\BOOKMARK [4][-]{paragraph.6.14.4.1}{\376\377\0006\000.\0001\0004\000.\0004\000.\0001\000\040\000V\000a\000r\000i\000a\000b\000l\000e\000s\000\040\000M\000o\000d\000i\000f\000i\000e\000d\000:}{subsubsection.6.14.4}% 215
\BOOKMARK [4][-]{paragraph.6.14.4.2}{\376\377\0006\000.\0001\0004\000.\0004\000.\0002\000\040\000W\000a\000l\000k\000t\000h\000r\000o\000u\000g\000h\000:}{subsubsection.6.14.4}% 216
\BOOKMARK [3][-]{subsubsection.6.14.5}{\376\377\0006\000.\0001\0004\000.\0005\000\040\000m\000o\000d\000u\000l\000a\000t\000i\000o\000n\0001\000:}{subsection.6.14}% 217
\BOOKMARK [4][-]{paragraph.6.14.5.1}{\376\377\0006\000.\0001\0004\000.\0005\000.\0001\000\040\000W\000a\000l\000k\000t\000h\000r\000o\000u\000g\000h\000:}{subsubsection.6.14.5}% 218
\BOOKMARK [3][-]{subsubsection.6.14.6}{\376\377\0006\000.\0001\0004\000.\0006\000\040\000m\000o\000d\000u\000l\000a\000t\000i\000o\000n\000m\0001\000:}{subsection.6.14}% 219
\BOOKMARK [4][-]{paragraph.6.14.6.1}{\376\377\0006\000.\0001\0004\000.\0006\000.\0001\000\040\000W\000a\000l\000k\000t\000h\000r\000o\000u\000g\000h\000:}{subsubsection.6.14.6}% 220
\BOOKMARK [3][-]{subsubsection.6.14.7}{\376\377\0006\000.\0001\0004\000.\0007\000\040\000m\000o\000d\000u\000l\000a\000t\000i\000o\000n\000p\000e\000r\000w\000n\000:}{subsection.6.14}% 221
\BOOKMARK [4][-]{paragraph.6.14.7.1}{\376\377\0006\000.\0001\0004\000.\0007\000.\0001\000\040\000V\000a\000r\000i\000a\000b\000l\000e\000s\000\040\000M\000o\000d\000i\000f\000i\000e\000d\000:}{subsubsection.6.14.7}% 222
\BOOKMARK [4][-]{paragraph.6.14.7.2}{\376\377\0006\000.\0001\0004\000.\0007\000.\0002\000\040\000W\000a\000l\000k\000t\000h\000r\000o\000u\000g\000h\000:}{subsubsection.6.14.7}% 223
\BOOKMARK [2][-]{subsection.6.15}{\376\377\0006\000.\0001\0005\000\040\000o\000b\000s\000e\000r\000v\000a\000b\000l\000e\000.\000c\000:}{section.6}% 224
\BOOKMARK [3][-]{subsubsection.6.15.1}{\376\377\0006\000.\0001\0005\000.\0001\000\040\000L\000i\000s\000t\000\040\000o\000f\000\040\000F\000u\000n\000c\000t\000i\000o\000n\000s\000\040\000D\000e\000f\000i\000n\000e\000d\000\040\000i\000n\000\040\000o\000b\000s\000e\000r\000v\000a\000b\000l\000e\000.\000c\000:}{subsection.6.15}% 225
\BOOKMARK [3][-]{subsubsection.6.15.2}{\376\377\0006\000.\0001\0005\000.\0002\000\040\000m\000o\000d\000u\000l\000a\000t\000i\000o\000n}{subsection.6.15}% 226
\BOOKMARK [4][-]{paragraph.6.15.2.1}{\376\377\0006\000.\0001\0005\000.\0002\000.\0001\000\040\000V\000a\000r\000i\000a\000b\000l\000e\000s\000\040\000M\000o\000d\000i\000f\000i\000e\000d}{subsubsection.6.15.2}% 227
\BOOKMARK [4][-]{paragraph.6.15.2.2}{\376\377\0006\000.\0001\0005\000.\0002\000.\0002\000\040\000W\000a\000l\000k\000t\000h\000r\000o\000u\000g\000h}{subsubsection.6.15.2}% 228
\BOOKMARK [1][-]{section.7}{\376\377\0007\000\040\000E\000q\000u\000a\000t\000i\000o\000n\000s}{}% 229
