This is pdfTeX, Version 3.14159265-2.6-1.40.21 (TeX Live 2020/Debian) (preloaded format=pdflatex 2021.1.15)  11 MAR 2021 18:15
entering extended mode
 restricted \write18 enabled.
 file:line:error style messages enabled.
 %&-line parsing enabled.
**transit_code_manual.tex
(./transit_code_manual.tex
LaTeX2e <2020-10-01> patch level 3
L3 programming layer <2020-12-07> xparse <2020-03-03>
(/usr/share/texlive/texmf-dist/tex/latex/base/article.cls
Document Class: article 2020/04/10 v1.4m Standard LaTeX document class
(/usr/share/texlive/texmf-dist/tex/latex/base/size12.clo
File: size12.clo 2020/04/10 v1.4m Standard LaTeX file (size option)
)
\c@part=\count177
\c@section=\count178
\c@subsection=\count179
\c@subsubsection=\count180
\c@paragraph=\count181
\c@subparagraph=\count182
\c@figure=\count183
\c@table=\count184
\abovecaptionskip=\skip47
\belowcaptionskip=\skip48
\bibindent=\dimen138
) (./top-transit.tex
(/usr/share/texlive/texmf-dist/tex/latex/graphics/graphicx.sty
Package: graphicx 2020/09/09 v1.2b Enhanced LaTeX Graphics (DPC,SPQR)

(/usr/share/texlive/texmf-dist/tex/latex/graphics/keyval.sty
Package: keyval 2014/10/28 v1.15 key=value parser (DPC)
\KV@toks@=\toks15
)
(/usr/share/texlive/texmf-dist/tex/latex/graphics/graphics.sty
Package: graphics 2020/08/30 v1.4c Standard LaTeX Graphics (DPC,SPQR)

(/usr/share/texlive/texmf-dist/tex/latex/graphics/trig.sty
Package: trig 2016/01/03 v1.10 sin cos tan (DPC)
)
(/usr/share/texlive/texmf-dist/tex/latex/graphics-cfg/graphics.cfg
File: graphics.cfg 2016/06/04 v1.11 sample graphics configuration
)
Package graphics Info: Driver file: pdftex.def on input line 105.

(/usr/share/texlive/texmf-dist/tex/latex/graphics-def/pdftex.def
File: pdftex.def 2020/10/05 v1.2a Graphics/color driver for pdftex
))
\Gin@req@height=\dimen139
\Gin@req@width=\dimen140
)
(/usr/share/texlive/texmf-dist/tex/latex/enumitem/enumitem.sty
Package: enumitem 2019/06/20 v3.9 Customized lists
\labelindent=\skip49
\enit@outerparindent=\dimen141
\enit@toks=\toks16
\enit@inbox=\box47
\enit@count@id=\count185
\enitdp@description=\count186
)
(/usr/share/texlive/texmf-dist/tex/latex/amsfonts/amssymb.sty
Package: amssymb 2013/01/14 v3.01 AMS font symbols

(/usr/share/texlive/texmf-dist/tex/latex/amsfonts/amsfonts.sty
Package: amsfonts 2013/01/14 v3.01 Basic AMSFonts support
\@emptytoks=\toks17
\symAMSa=\mathgroup4
\symAMSb=\mathgroup5
LaTeX Font Info:    Redeclaring math symbol \hbar on input line 98.
LaTeX Font Info:    Overwriting math alphabet `\mathfrak' in version `bold'
(Font)                  U/euf/m/n --> U/euf/b/n on input line 106.
))
(/usr/share/texlive/texmf-dist/tex/latex/amsmath/amsmath.sty
Package: amsmath 2020/09/23 v2.17i AMS math features
\@mathmargin=\skip50

For additional information on amsmath, use the `?' option.
(/usr/share/texlive/texmf-dist/tex/latex/amsmath/amstext.sty
Package: amstext 2000/06/29 v2.01 AMS text

(/usr/share/texlive/texmf-dist/tex/latex/amsmath/amsgen.sty
File: amsgen.sty 1999/11/30 v2.0 generic functions
\@emptytoks=\toks18
\ex@=\dimen142
))
(/usr/share/texlive/texmf-dist/tex/latex/amsmath/amsbsy.sty
Package: amsbsy 1999/11/29 v1.2d Bold Symbols
\pmbraise@=\dimen143
)
(/usr/share/texlive/texmf-dist/tex/latex/amsmath/amsopn.sty
Package: amsopn 2016/03/08 v2.02 operator names
)
\inf@bad=\count187
LaTeX Info: Redefining \frac on input line 234.
\uproot@=\count188
\leftroot@=\count189
LaTeX Info: Redefining \overline on input line 399.
\classnum@=\count190
\DOTSCASE@=\count191
LaTeX Info: Redefining \ldots on input line 496.
LaTeX Info: Redefining \dots on input line 499.
LaTeX Info: Redefining \cdots on input line 620.
\Mathstrutbox@=\box48
\strutbox@=\box49
\big@size=\dimen144
LaTeX Font Info:    Redeclaring font encoding OML on input line 743.
LaTeX Font Info:    Redeclaring font encoding OMS on input line 744.
\macc@depth=\count192
\c@MaxMatrixCols=\count193
\dotsspace@=\muskip16
\c@parentequation=\count194
\dspbrk@lvl=\count195
\tag@help=\toks19
\row@=\count196
\column@=\count197
\maxfields@=\count198
\andhelp@=\toks20
\eqnshift@=\dimen145
\alignsep@=\dimen146
\tagshift@=\dimen147
\tagwidth@=\dimen148
\totwidth@=\dimen149
\lineht@=\dimen150
\@envbody=\toks21
\multlinegap=\skip51
\multlinetaggap=\skip52
\mathdisplay@stack=\toks22
LaTeX Info: Redefining \[ on input line 2923.
LaTeX Info: Redefining \] on input line 2924.
)
(/usr/share/texlive/texmf-dist/tex/latex/xcolor/xcolor.sty
Package: xcolor 2016/05/11 v2.12 LaTeX color extensions (UK)

(/usr/share/texlive/texmf-dist/tex/latex/graphics-cfg/color.cfg
File: color.cfg 2016/01/02 v1.6 sample color configuration
)
Package xcolor Info: Driver file: pdftex.def on input line 225.
Package xcolor Info: Model `cmy' substituted by `cmy0' on input line 1348.
Package xcolor Info: Model `hsb' substituted by `rgb' on input line 1352.
Package xcolor Info: Model `RGB' extended on input line 1364.
Package xcolor Info: Model `HTML' substituted by `rgb' on input line 1366.
Package xcolor Info: Model `Hsb' substituted by `hsb' on input line 1367.
Package xcolor Info: Model `tHsb' substituted by `hsb' on input line 1368.
Package xcolor Info: Model `HSB' substituted by `hsb' on input line 1369.
Package xcolor Info: Model `Gray' substituted by `gray' on input line 1370.
Package xcolor Info: Model `wave' substituted by `hsb' on input line 1371.
)
(/usr/share/texlive/texmf-dist/tex/latex/listings/listings.sty
\lst@mode=\count199
\lst@gtempboxa=\box50
\lst@token=\toks23
\lst@length=\count266
\lst@currlwidth=\dimen151
\lst@column=\count267
\lst@pos=\count268
\lst@lostspace=\dimen152
\lst@width=\dimen153
\lst@newlines=\count269
\lst@lineno=\count270
\lst@maxwidth=\dimen154

(/usr/share/texlive/texmf-dist/tex/latex/listings/lstmisc.sty
File: lstmisc.sty 2020/03/24 1.8d (Carsten Heinz)
\c@lstnumber=\count271
\lst@skipnumbers=\count272
\lst@framebox=\box51
)
(/usr/share/texlive/texmf-dist/tex/latex/listings/listings.cfg
File: listings.cfg 2020/03/24 1.8d listings configuration
))
Package: listings 2020/03/24 1.8d (Carsten Heinz)

(/usr/share/texlive/texmf-dist/tex/latex/psnfss/times.sty
Package: times 2020/03/25 PSNFSS-v9.3 (SPQR) 
)
(/usr/share/texlive/texmf-dist/tex/latex/natbib/natbib.sty
Package: natbib 2010/09/13 8.31b (PWD, AO)
\bibhang=\skip53
\bibsep=\skip54
LaTeX Info: Redefining \cite on input line 694.
\c@NAT@ctr=\count273
)
(/usr/share/texlive/texmf-dist/tex/latex/etoolbox/etoolbox.sty
Package: etoolbox 2020/10/05 v2.5k e-TeX tools for LaTeX (JAW)
\etb@tempcnta=\count274
)
(./astjnlabbrev-jh.sty)
(/usr/share/texlive/texmf-dist/tex/latex/natbib/bibentry.sty
Package: bibentry 2007/10/30 1.5 (PWD)
)
(/usr/share/texlive/texmf-dist/tex/latex/base/ifthen.sty
Package: ifthen 2014/09/29 v1.1c Standard LaTeX ifthen package (DPC)
)
(/usr/share/texlive/texmf-dist/tex/latex/graphics/epsfig.sty
Package: epsfig 2017/06/25 v1.7b (e)psfig emulation (SPQR)
\epsfxsize=\dimen155
\epsfysize=\dimen156
)
(/usr/share/texlive/texmf-dist/tex/latex/commath/commath.sty)
(/usr/share/texlive/texmf-dist/tex/latex/graphics/rotating.sty
Package: rotating 2016/08/11 v2.16d rotated objects in LaTeX
\c@r@tfl@t=\count275
\rotFPtop=\skip55
\rotFPbot=\skip56
\rot@float@box=\box52
\rot@mess@toks=\toks24
)
(/usr/share/texlive/texmf-dist/tex/generic/dirtree/dirtree.sty
Package: dirtree 2012/12/11 v0.32 package wrapper for dirtree

(/usr/share/texlive/texmf-dist/tex/generic/dirtree/dirtree.tex
`dirtree' v0.32, 2012/12/11 (jcc)
\DT@offset=\dimen157
\DT@width=\dimen158
\DT@sep=\dimen159
\DT@all=\dimen160
\DT@rulewidth=\dimen161
\DT@dotwidth=\dimen162
\DTbaselineskip=\dimen163
\DT@counti=\count276
\DT@countii=\count277
\DT@countiii=\count278
\DT@countiv=\count279
\DT@indent=\dimen164
\DT@parskip=\dimen165
\DT@baselineskip=\dimen166
)
File: dirtree.tex 2012/12/11 v0.32 `dirtree' (jcc)
)
(/usr/share/texlive/texmf-dist/tex/latex/changepage/changepage.sty
Package: changepage 2009/10/20 v1.0c check page and change page layout
\c@cp@cntr=\count280
\cp@tempcnt=\count281
)
LaTeX Font Info:    Trying to load font information for T1+txtt on input line 4
6.

(/usr/share/texlive/texmf-dist/tex/latex/txfonts/t1txtt.fd
File: t1txtt.fd 2000/12/15 v3.1
)
(/usr/share/texlive/texmf-dist/tex/latex/listings/lstlang1.sty
File: lstlang1.sty 2020/03/24 1.8d listings language file
)
(/usr/share/texlive/texmf-dist/tex/latex/listings/lstlang2.sty
File: lstlang2.sty 2020/03/24 1.8d listings language file
)
(/usr/share/texlive/texmf-dist/tex/latex/listings/lstlang3.sty
File: lstlang3.sty 2020/03/24 1.8d listings language file
)
(/usr/share/texlive/texmf-dist/tex/latex/listings/lstlang1.sty
File: lstlang1.sty 2020/03/24 1.8d listings language file
)
(/usr/share/texlive/texmf-dist/tex/latex/listings/lstlang2.sty
File: lstlang2.sty 2020/03/24 1.8d listings language file
)
(/usr/share/texlive/texmf-dist/tex/latex/listings/lstlang3.sty
File: lstlang3.sty 2020/03/24 1.8d listings language file
)
(/usr/share/texlive/texmf-dist/tex/latex/listings/lstlang1.sty
File: lstlang1.sty 2020/03/24 1.8d listings language file
)
(/usr/share/texlive/texmf-dist/tex/latex/listings/lstlang2.sty
File: lstlang2.sty 2020/03/24 1.8d listings language file
)
(/usr/share/texlive/texmf-dist/tex/latex/listings/lstlang3.sty
File: lstlang3.sty 2020/03/24 1.8d listings language file
)
(/usr/share/texlive/texmf-dist/tex/latex/listings/lstmisc.sty
File: lstmisc.sty 2020/03/24 1.8d (Carsten Heinz)
)
(/usr/share/texlive/texmf-dist/tex/latex/hyperref/hyperref.sty
Package: hyperref 2020-05-15 v7.00e Hypertext links for LaTeX

(/usr/share/texlive/texmf-dist/tex/generic/ltxcmds/ltxcmds.sty
Package: ltxcmds 2020-05-10 v1.25 LaTeX kernel commands for general use (HO)
)
(/usr/share/texlive/texmf-dist/tex/generic/iftex/iftex.sty
Package: iftex 2020/03/06 v1.0d TeX engine tests
)
(/usr/share/texlive/texmf-dist/tex/generic/pdftexcmds/pdftexcmds.sty
Package: pdftexcmds 2020-06-27 v0.33 Utility functions of pdfTeX for LuaTeX (HO
)

(/usr/share/texlive/texmf-dist/tex/generic/infwarerr/infwarerr.sty
Package: infwarerr 2019/12/03 v1.5 Providing info/warning/error messages (HO)
)
Package pdftexcmds Info: \pdf@primitive is available.
Package pdftexcmds Info: \pdf@ifprimitive is available.
Package pdftexcmds Info: \pdfdraftmode found.
)
(/usr/share/texlive/texmf-dist/tex/generic/kvsetkeys/kvsetkeys.sty
Package: kvsetkeys 2019/12/15 v1.18 Key value parser (HO)
)
(/usr/share/texlive/texmf-dist/tex/generic/kvdefinekeys/kvdefinekeys.sty
Package: kvdefinekeys 2019-12-19 v1.6 Define keys (HO)
)
(/usr/share/texlive/texmf-dist/tex/generic/pdfescape/pdfescape.sty
Package: pdfescape 2019/12/09 v1.15 Implements pdfTeX's escape features (HO)
)
(/usr/share/texlive/texmf-dist/tex/latex/hycolor/hycolor.sty
Package: hycolor 2020-01-27 v1.10 Color options for hyperref/bookmark (HO)
)
(/usr/share/texlive/texmf-dist/tex/latex/letltxmacro/letltxmacro.sty
Package: letltxmacro 2019/12/03 v1.6 Let assignment for LaTeX macros (HO)
)
(/usr/share/texlive/texmf-dist/tex/latex/auxhook/auxhook.sty
Package: auxhook 2019-12-17 v1.6 Hooks for auxiliary files (HO)
)
(/usr/share/texlive/texmf-dist/tex/latex/kvoptions/kvoptions.sty
Package: kvoptions 2020-10-07 v3.14 Key value format for package options (HO)
)
\@linkdim=\dimen167
\Hy@linkcounter=\count282
\Hy@pagecounter=\count283

(/usr/share/texlive/texmf-dist/tex/latex/hyperref/pd1enc.def
File: pd1enc.def 2020-05-15 v7.00e Hyperref: PDFDocEncoding definition (HO)
Now handling font encoding PD1 ...
... no UTF-8 mapping file for font encoding PD1
)
(/usr/share/texlive/texmf-dist/tex/generic/intcalc/intcalc.sty
Package: intcalc 2019/12/15 v1.3 Expandable calculations with integers (HO)
)
(/usr/share/texlive/texmf-dist/tex/generic/etexcmds/etexcmds.sty
Package: etexcmds 2019/12/15 v1.7 Avoid name clashes with e-TeX commands (HO)
)
\Hy@SavedSpaceFactor=\count284
Package hyperref Info: Option `bookmarks' set `true' on input line 4338.
Package hyperref Info: Option `bookmarksnumbered' set `true' on input line 4338
.
Package hyperref Info: Option `colorlinks' set `true' on input line 4338.
Package hyperref Info: Option `breaklinks' set `true' on input line 4338.
Package hyperref Info: Option `frenchlinks' set `true' on input line 4338.
Package hyperref Info: Hyper figures OFF on input line 4464.
Package hyperref Info: Link nesting OFF on input line 4469.
Package hyperref Info: Hyper index ON on input line 4472.
Package hyperref Info: Plain pages OFF on input line 4479.
Package hyperref Info: Backreferencing OFF on input line 4484.
Package hyperref Info: Implicit mode ON; LaTeX internals redefined.
Package hyperref Info: Bookmarks ON on input line 4717.
\c@Hy@tempcnt=\count285

(/usr/share/texlive/texmf-dist/tex/latex/url/url.sty
\Urlmuskip=\muskip17
Package: url 2013/09/16  ver 3.4  Verb mode for urls, etc.
)
LaTeX Info: Redefining \url on input line 5076.
\XeTeXLinkMargin=\dimen168

(/usr/share/texlive/texmf-dist/tex/generic/bitset/bitset.sty
Package: bitset 2019/12/09 v1.3 Handle bit-vector datatype (HO)

(/usr/share/texlive/texmf-dist/tex/generic/bigintcalc/bigintcalc.sty
Package: bigintcalc 2019/12/15 v1.5 Expandable calculations on big integers (HO
)
))
\Fld@menulength=\count286
\Field@Width=\dimen169
\Fld@charsize=\dimen170
Package hyperref Info: Hyper figures OFF on input line 6347.
Package hyperref Info: Link nesting OFF on input line 6352.
Package hyperref Info: Hyper index ON on input line 6355.
Package hyperref Info: backreferencing OFF on input line 6362.
Package hyperref Info: Link coloring ON on input line 6365.
Package hyperref Info: Link coloring with OCG OFF on input line 6372.
Package hyperref Info: PDF/A mode OFF on input line 6377.
LaTeX Info: Redefining \ref on input line 6417.
LaTeX Info: Redefining \pageref on input line 6421.

(/usr/share/texlive/texmf-dist/tex/latex/base/atbegshi-ltx.sty
Package: atbegshi-ltx 2020/08/17 v1.0a Emulation of the original atbegshi packa
ge
with kernel methods
)
\Hy@abspage=\count287
\c@Item=\count288
\c@Hfootnote=\count289
)
Package hyperref Info: Driver (autodetected): hpdftex.

(/usr/share/texlive/texmf-dist/tex/latex/hyperref/hpdftex.def
File: hpdftex.def 2020-05-15 v7.00e Hyperref driver for pdfTeX

(/usr/share/texlive/texmf-dist/tex/latex/base/atveryend-ltx.sty
Package: atveryend-ltx 2020/08/19 v1.0a Emulation of the original atvery packag
e
with kernel methods
)
\Fld@listcount=\count290
\c@bookmark@seq@number=\count291

(/usr/share/texlive/texmf-dist/tex/latex/rerunfilecheck/rerunfilecheck.sty
Package: rerunfilecheck 2019/12/05 v1.9 Rerun checks for auxiliary files (HO)

(/usr/share/texlive/texmf-dist/tex/generic/uniquecounter/uniquecounter.sty
Package: uniquecounter 2019/12/15 v1.4 Provide unlimited unique counter (HO)
)
Package uniquecounter Info: New unique counter `rerunfilecheck' on input line 2
86.
)
\Hy@SectionHShift=\skip57
)
\symUPM=\mathgroup6
\wdbox=\box53
\timect=\count292
\hourct=\count293
\minct=\count294

Joe Harrington's personal setup, Wed Jun 17 10:53:17 EDT 1998
\@sp=\box54
\@sb=\box55
)
LaTeX Font Info:    Trying to load font information for OT1+ptm on input line 2
1.
 (/usr/share/texlive/texmf-dist/tex/latex/psnfss/ot1ptm.fd
File: ot1ptm.fd 2001/06/04 font definitions for OT1/ptm.
)
(/usr/share/texlive/texmf-dist/tex/latex/l3backend/l3backend-pdftex.def
File: l3backend-pdftex.def 2020-09-24 L3 backend support: PDF output (pdfTeX)
\l__kernel_color_stack_int=\count295
\l__pdf_internal_box=\box56
)
(./transit_code_manual.aux)
\openout1 = `transit_code_manual.aux'.

LaTeX Font Info:    Checking defaults for OML/cmm/m/it on input line 21.
LaTeX Font Info:    ... okay on input line 21.
LaTeX Font Info:    Checking defaults for OMS/cmsy/m/n on input line 21.
LaTeX Font Info:    ... okay on input line 21.
LaTeX Font Info:    Checking defaults for OT1/cmr/m/n on input line 21.
LaTeX Font Info:    ... okay on input line 21.
LaTeX Font Info:    Checking defaults for T1/cmr/m/n on input line 21.
LaTeX Font Info:    ... okay on input line 21.
LaTeX Font Info:    Checking defaults for TS1/cmr/m/n on input line 21.
LaTeX Font Info:    ... okay on input line 21.
LaTeX Font Info:    Checking defaults for OMX/cmex/m/n on input line 21.
LaTeX Font Info:    ... okay on input line 21.
LaTeX Font Info:    Checking defaults for U/cmr/m/n on input line 21.
LaTeX Font Info:    ... okay on input line 21.
LaTeX Font Info:    Checking defaults for PD1/pdf/m/n on input line 21.
LaTeX Font Info:    ... okay on input line 21.

(/usr/share/texlive/texmf-dist/tex/context/base/mkii/supp-pdf.mkii
[Loading MPS to PDF converter (version 2006.09.02).]
\scratchcounter=\count296
\scratchdimen=\dimen171
\scratchbox=\box57
\nofMPsegments=\count297
\nofMParguments=\count298
\everyMPshowfont=\toks25
\MPscratchCnt=\count299
\MPscratchDim=\dimen172
\MPnumerator=\count300
\makeMPintoPDFobject=\count301
\everyMPtoPDFconversion=\toks26
) (/usr/share/texlive/texmf-dist/tex/latex/epstopdf-pkg/epstopdf-base.sty
Package: epstopdf-base 2020-01-24 v2.11 Base part for package epstopdf
Package epstopdf-base Info: Redefining graphics rule for `.eps' on input line 4
85.

(/usr/share/texlive/texmf-dist/tex/latex/latexconfig/epstopdf-sys.cfg
File: epstopdf-sys.cfg 2010/07/13 v1.3 Configuration of (r)epstopdf for TeX Liv
e
))
\c@lstlisting=\count302
Package hyperref Info: Link coloring ON on input line 21.

(/usr/share/texlive/texmf-dist/tex/latex/hyperref/nameref.sty
Package: nameref 2019/09/16 v2.46 Cross-referencing by name of section

(/usr/share/texlive/texmf-dist/tex/latex/refcount/refcount.sty
Package: refcount 2019/12/15 v3.6 Data extraction from label references (HO)
)
(/usr/share/texlive/texmf-dist/tex/generic/gettitlestring/gettitlestring.sty
Package: gettitlestring 2019/12/15 v1.6 Cleanup title references (HO)
)
\c@section@level=\count303
)
LaTeX Info: Redefining \ref on input line 21.
LaTeX Info: Redefining \pageref on input line 21.
LaTeX Info: Redefining \nameref on input line 21.

(./transit_code_manual.out) (./transit_code_manual.out)
\@outlinefile=\write3
\openout3 = `transit_code_manual.out'.

LaTeX Font Info:    Trying to load font information for U+msa on input line 44.


(/usr/share/texlive/texmf-dist/tex/latex/amsfonts/umsa.fd
File: umsa.fd 2013/01/14 v3.01 AMS symbols A
)
LaTeX Font Info:    Trying to load font information for U+msb on input line 44.


(/usr/share/texlive/texmf-dist/tex/latex/amsfonts/umsb.fd
File: umsb.fd 2013/01/14 v3.01 AMS symbols B
)
LaTeX Font Info:    Trying to load font information for U+eur on input line 44.


(/usr/share/texlive/texmf-dist/tex/latex/amsfonts/ueur.fd
File: ueur.fd 2013/01/14 v3.01 Euler Roman
) [1

{/var/lib/texmf/fonts/map/pdftex/updmap/pdftex.map}]
LaTeX Font Info:    Trying to load font information for OT1+pcr on input line 6
5.

(/usr/share/texlive/texmf-dist/tex/latex/psnfss/ot1pcr.fd
File: ot1pcr.fd 2001/06/04 font definitions for OT1/pcr.
)
<fig/transit_diagram.png, id=937, 408.77719pt x 518.6878pt>
File: fig/transit_diagram.png Graphic file (type png)
<use fig/transit_diagram.png>
Package pdftex.def Info: fig/transit_diagram.png  used on input line 72.
(pdftex.def)             Requested size: 408.77618pt x 518.68654pt.
pdfTeX warning (ext4): destination with the same identifier (name{page.1}) has 
been already used, duplicate ignored
<to be read again> 
                   \relax 
l.79 \section
             {List of Headers used by \texttt{transit}} [1] [2 <./fig/transit_d
iagram.png>] [3] [4] [5]
(/usr/share/texlive/texmf-dist/tex/latex/listings/lstlang1.sty
File: lstlang1.sty 2020/03/24 1.8d listings language file
)
LaTeX Font Info:    Trying to load font information for OMS+ptm on input line 1
88.

(/usr/share/texlive/texmf-dist/tex/latex/psnfss/omsptm.fd
File: omsptm.fd 
)
LaTeX Font Info:    Font shape `OMS/ptm/m/n' in size <12> not available
(Font)              Font shape `OMS/cmsy/m/n' tried instead on input line 188.
LaTeX Font Info:    Trying to load font information for TS1+ptm on input line 1
89.

(/usr/share/texlive/texmf-dist/tex/latex/psnfss/ts1ptm.fd
File: ts1ptm.fd 2001/06/04 font definitions for TS1/ptm.
)
Overfull \hbox (24.16925pt too wide) in paragraph at lines 212--213
[][][][][][][][][][][][][][][][][][][][][][][][][][][][][][][]
 []

[6] [7] [8] [9] [10] [11] [12] [13] [14] [15]

Package Listings Warning: Text dropped after begin of listing on input line 704
.

[16] [17] [18] [19]
<fig/transitc.png, id=1604, 380.92313pt x 151.3153pt>
File: fig/transitc.png Graphic file (type png)
<use fig/transitc.png>
Package pdftex.def Info: fig/transitc.png  used on input line 870.
(pdftex.def)             Requested size: 380.92218pt x 151.31493pt.

Underfull \hbox (badness 10000) in paragraph at lines 877--879

 []


Underfull \hbox (badness 10000) in paragraph at lines 881--883

 []


Underfull \hbox (badness 10000) in paragraph at lines 885--887

 []


Underfull \hbox (badness 10000) in paragraph at lines 889--891

 []


Overfull \hbox (32.80484pt too wide) in paragraph at lines 893--895
[] 
 []


Underfull \hbox (badness 10000) in paragraph at lines 893--895

 []

[20 <./fig/transitc.png>]
Underfull \hbox (badness 10000) in paragraph at lines 897--899

 []


Underfull \hbox (badness 10000) in paragraph at lines 901--903

 []


Underfull \hbox (badness 10000) in paragraph at lines 905--907

 []


Underfull \hbox (badness 10000) in paragraph at lines 909--911

 []

[21]
Overfull \hbox (47.82437pt too wide) in paragraph at lines 991--992
[]\OT1/ptm/m/n/12 Call to []\OT1/pcr/m/n/12 freemem[]samp, freemem[]idexrefrac,
 freemem[]extinction, freemem[]tau,
 []

[22]
<fig/transitstdc.png, id=1620, 286.06876pt x 383.18156pt>
File: fig/transitstdc.png Graphic file (type png)
<use fig/transitstdc.png>
Package pdftex.def Info: fig/transitstdc.png  used on input line 1023.
(pdftex.def)             Requested size: 286.06805pt x 383.18062pt.

Underfull \hbox (badness 10000) in paragraph at lines 1030--1032

 []


Overfull \hbox (136.48479pt too wide) in paragraph at lines 1034--1036
[] 
 []


Underfull \hbox (badness 10000) in paragraph at lines 1034--1036

 []


Overfull \hbox (107.6848pt too wide) in paragraph at lines 1038--1040
[] 
 []


Underfull \hbox (badness 10000) in paragraph at lines 1038--1040

 []


Underfull \hbox (badness 10000) in paragraph at lines 1042--1044

 []


Underfull \hbox (badness 10000) in paragraph at lines 1046--1048

 []


Overfull \hbox (55.8448pt too wide) in paragraph at lines 1050--1052
[] 
 []


Underfull \hbox (badness 10000) in paragraph at lines 1050--1052

 []


Underfull \hbox (badness 10000) in paragraph at lines 1054--1056

 []

[23] [24 <./fig/transitstdc.png>]
Underfull \hbox (badness 10000) in paragraph at lines 1058--1060

 []


Underfull \hbox (badness 10000) in paragraph at lines 1062--1064

 []


Underfull \hbox (badness 10000) in paragraph at lines 1066--1068

 []


Underfull \hbox (badness 10000) in paragraph at lines 1070--1072

 []


Underfull \hbox (badness 10000) in paragraph at lines 1074--1076

 []


Underfull \hbox (badness 10000) in paragraph at lines 1078--1080

 []


Underfull \hbox (badness 10000) in paragraph at lines 1082--1084

 []


Underfull \hbox (badness 10000) in paragraph at lines 1086--1088

 []


Underfull \hbox (badness 10000) in paragraph at lines 1090--1092

 []


Underfull \hbox (badness 10000) in paragraph at lines 1094--1096

 []


Underfull \hbox (badness 10000) in paragraph at lines 1098--1100

 []


Underfull \hbox (badness 10000) in paragraph at lines 1102--1104

 []

[25] [26] [27]
<fig/argumc.png, id=1645, 274.77657pt x 156.585pt>
File: fig/argumc.png Graphic file (type png)
<use fig/argumc.png>
Package pdftex.def Info: fig/argumc.png  used on input line 1176.
(pdftex.def)             Requested size: 274.77588pt x 156.58461pt.

Underfull \hbox (badness 10000) in paragraph at lines 1182--1185

 []


Underfull \hbox (badness 10000) in paragraph at lines 1187--1190

 []


Underfull \hbox (badness 10000) in paragraph at lines 1192--1196

 []


Underfull \hbox (badness 10000) in paragraph at lines 1198--1200

 []


Underfull \hbox (badness 10000) in paragraph at lines 1202--1205

 []


Underfull \hbox (badness 10000) in paragraph at lines 1207--1209

 []


Underfull \hbox (badness 10000) in paragraph at lines 1211--1213

 []

[28 <./fig/argumc.png>]
Underfull \hbox (badness 10000) in paragraph at lines 1215--1217

 []


Underfull \hbox (badness 10000) in paragraph at lines 1219--1221

 []


Underfull \hbox (badness 10000) in paragraph at lines 1223--1225

 []


Overfull \hbox (21.94829pt too wide) in paragraph at lines 1230--1231
[]\OT1/ptm/m/n/12 Set []\OT1/pcr/m/n/12 tr.ds.th.verbnoise, tr.ds.th.mass, tr.d
s.th.savefiles[] \OT1/ptm/m/n/12 (ver-bosity, abun-
 []


Overfull \hbox (3.8514pt too wide) in paragraph at lines 1234--1235
[]\OT1/ptm/m/n/12 Initialize []\OT1/pcr/m/n/12 tr.ds.th.det.cia, tr.ds.th.det.t
au, tr.ds.th.det.ext[] \OT1/ptm/m/n/12 (de-tailed
 []


Overfull \hbox (10.81131pt too wide) in paragraph at lines 1238--1239
\OT1/pcr/m/n/12 tr.ds.th.f[]outflux, tr.ds.th.f[]outintens[] \OT1/ptm/m/n/12 (i
n-put and out-put file-names) from com-
 []


Overfull \hbox (47.46056pt too wide) in paragraph at lines 1244--1245
[]\OT1/ptm/m/n/12 Set []\OT1/pcr/m/n/12 tr.ds.th.rads.i, tr.ds.th.rads.f, tr.ds
.th.rads.d, tr.ds.th.rads.fct[]
 []


Overfull \hbox (47.46056pt too wide) in paragraph at lines 1245--1246
[]\OT1/ptm/m/n/12 Set []\OT1/pcr/m/n/12 tr.ds.th.wavs.i, tr.ds.th.wavs.f, tr.ds
.th.wavs.d, tr.ds.th.wavs.fct[]
 []

[29]
Overfull \hbox (25.86057pt too wide) in paragraph at lines 1246--1247
[]\OT1/ptm/m/n/12 Set []\OT1/pcr/m/n/12 tr.ds.th.wns.i, tr.ds.th.wns.f, tr.ds.t
h.wns.d, tr.ds.th.wns.fct, 
 []


Overfull \hbox (42.48923pt too wide) in paragraph at lines 1246--1247
\OT1/ptm/m/n/12 fac-tor, and over-sam-pling fac-tor) from com-mand line ar-gu-m
ents/-con-fig file. Ini-tial-ize []\OT1/pcr/m/n/12 tr.ds.th.wns.n[]
 []


Overfull \hbox (1.36726pt too wide) in paragraph at lines 1249--1250
[]\OT1/ptm/m/n/12 Set []\OT1/pcr/m/n/12 tr.ds.th.nDop, tr.ds.th.nLor[] \OT1/ptm
/m/n/12 (num-ber of Doppler and Lorentz broad-en-ing width
 []


Overfull \hbox (13.05641pt too wide) in paragraph at lines 1250--1251
[]\OT1/ptm/m/n/12 Set []\OT1/pcr/m/n/12 tr.ds.th.dmin, tr.ds.th.dmax, tr.ds.th.
lmin, tr.ds.th.lmax[] \OT1/ptm/m/n/12 (broad-
 []


Overfull \hbox (18.66057pt too wide) in paragraph at lines 1255--1256
[]\OT1/ptm/m/n/12 Set []\OT1/pcr/m/n/12 tr.ds.th.sg.smaxisfct, tr.ds.th.sg.time
fct, tr.ds.th.sg.inclfct, 
 []


Overfull \hbox (11.59256pt too wide) in paragraph at lines 1255--1256
\OT1/pcr/m/n/12 tr.ds.th.sg.eccfct, tr,.ds.th.sg.lnodefct, tr.ds.th.sg.aperfct[
] \OT1/ptm/m/n/12 (unit
 []


Overfull \hbox (18.66057pt too wide) in paragraph at lines 1260--1261
[]\OT1/ptm/m/n/12 Set []\OT1/pcr/m/n/12 tr.ds.th.cl.cloudext, tr.ds.th.cl.cloud
top, tr.ds.th.cl.cloudbot[]
 []

[30] [31]
Overfull \hbox (7.99216pt too wide) in paragraph at lines 1353--1354
[]\OT1/ptm/m/n/12 Restore []\OT1/pcr/m/n/12 tr.ds.th.rads, tr.ds.th.wavs, tr.ds
.th.wns, tr.ds.th.ips[] \OT1/ptm/m/n/12 from
 []


Overfull \hbox (63.5286pt too wide) in paragraph at lines 1368--1369
[]\OT1/ptm/m/n/12 Free []\OT1/pcr/m/n/12 tr.ds.th.f[]atm, tr.ds.th.f[]line, tr.
ds.th.f[]outmod, tr.ds.th.f[]outflux, 
 []

[32] [33]
Underfull \hbox (badness 10000) in paragraph at lines 1385--1388

 []


Underfull \hbox (badness 10000) in paragraph at lines 1390--1392

 []


Underfull \hbox (badness 10000) in paragraph at lines 1394--1396

 []

[34] [35]
<fig/readlineinfoc.png, id=1686, 428.35031pt x 247.67531pt>
File: fig/readlineinfoc.png Graphic file (type png)
<use fig/readlineinfoc.png>
Package pdftex.def Info: fig/readlineinfoc.png  used on input line 1446.
(pdftex.def)             Requested size: 428.34926pt x 247.6747pt.

Overfull \hbox (70.48483pt too wide) in paragraph at lines 1454--1459
[] 
 []


Underfull \hbox (badness 10000) in paragraph at lines 1454--1459

 []


Underfull \hbox (badness 10000) in paragraph at lines 1461--1464

 []


Underfull \hbox (badness 10000) in paragraph at lines 1466--1470

 []


Overfull \hbox (2.56483pt too wide) in paragraph at lines 1472--1478
[] 
 []


Underfull \hbox (badness 10000) in paragraph at lines 1472--1478

 []

[36 <./fig/readlineinfoc.png>]
Underfull \hbox (badness 10000) in paragraph at lines 1480--1482

 []


Underfull \hbox (badness 10000) in paragraph at lines 1484--1488

 []


Underfull \hbox (badness 10000) in paragraph at lines 1490--1493

 []


Underfull \hbox (badness 10000) in paragraph at lines 1495--1497

 []


Underfull \hbox (badness 10000) in paragraph at lines 1499--1501

 []


Underfull \hbox (badness 10000) in paragraph at lines 1503--1505

 []


Underfull \hbox (badness 10000) in paragraph at lines 1507--1509

 []


Underfull \hbox (badness 10000) in paragraph at lines 1511--1513

 []


Overfull \hbox (1.22144pt too wide) in paragraph at lines 1520--1521
[]\OT1/ptm/m/n/12 If an opac-ity file ex-ists, up-date []\OT1/pcr/m/n/12 tr.pi[
] \OT1/ptm/m/n/12 to ac-count for TRPI[]READINFO and TRPI[]READDATA. 
 []

[37]
Overfull \hbox (1.0546pt too wide) in paragraph at lines 1542--1544
[]\OT1/ptm/m/n/12 Set []\OT1/pcr/m/n/12 tr.ds.li.lt.wfct, tr.ds.li.lt.efct[] \O
T1/ptm/m/n/12 from de-fault val-ues (line-transition wave-
 []


Overfull \hbox (1.65508pt too wide) in paragraph at lines 1563--1566
[]\OT1/ptm/m/n/12 Set []\OT1/pcr/m/n/12 tr.ds.li.tli[]ver, tr.ds.li.lr[]ver, tr
.ds.li.lr[]rev[] \OT1/ptm/m/n/12 from TLI file (line-
 []


Overfull \hbox (16.39061pt too wide) in paragraph at lines 1571--1572
[]\OT1/ptm/m/n/12 Allocate []\OT1/pcr/m/n/12 tr.ds.iso.db.n, tr.ds.iso.db.molna
me[] \OT1/ptm/m/n/12 (database name and molecule name)
 []


Overfull \hbox (4.39165pt too wide) in paragraph at lines 1574--1575
[]\OT1/ptm/m/n/12 Reallocate []\OT1/pcr/m/n/12 tr.ds.li.isov, tr.ds.iso.isof, t
r.ds.iso.isoration[] \OT1/ptm/m/n/12 to ac-count
 []

[38] [39]
Overfull \hbox (65.5802pt too wide) in paragraph at lines 1636--1639
[]\OT1/ptm/m/n/12 Allocate []\OT1/pcr/m/n/12 tr.ds.li.lt.wl, tr.ds.li.lt.isoid,
 tr.ds.li.lt.gf, tr.ds.li.lt.elow[]
 []


Overfull \hbox (40.26056pt too wide) in paragraph at lines 1639--1640
[]\OT1/ptm/m/n/12 Set []\OT1/pcr/m/n/12 tr.ds.li.lt.wl, tr.ds.li.lt.isoid, tr.d
s.li.lt.gf, tr.ds.li.lt.elow[]
 []

[40] [41]
<fig/readatmc.png, id=1715, 461.47406pt x 226.59656pt>
File: fig/readatmc.png Graphic file (type png)
<use fig/readatmc.png>
Package pdftex.def Info: fig/readatmc.png  used on input line 1711.
(pdftex.def)             Requested size: 461.47292pt x 226.596pt.

Underfull \hbox (badness 10000) in paragraph at lines 1718--1723

 []


Overfull \hbox (74.80484pt too wide) in paragraph at lines 1726--1729
[] 
 []


Underfull \hbox (badness 10000) in paragraph at lines 1726--1729

 []


Underfull \hbox (badness 10000) in paragraph at lines 1731--1733

 []


Underfull \hbox (badness 10000) in paragraph at lines 1735--1737

 []


Underfull \hbox (badness 10000) in paragraph at lines 1739--1741

 []


Underfull \hbox (badness 10000) in paragraph at lines 1743--1745

 []

[42 <./fig/readatmc.png>]
Overfull \hbox (5.44482pt too wide) in paragraph at lines 1747--1749
[] 
 []


Underfull \hbox (badness 10000) in paragraph at lines 1747--1749

 []


Overfull \hbox (16.96483pt too wide) in paragraph at lines 1751--1753
[] 
 []


Underfull \hbox (badness 10000) in paragraph at lines 1751--1753

 []


Overfull \hbox (16.96483pt too wide) in paragraph at lines 1755--1763
[] 
 []


Underfull \hbox (badness 10000) in paragraph at lines 1755--1763

 []


Overfull \hbox (2.56483pt too wide) in paragraph at lines 1765--1771
[] 
 []


Underfull \hbox (badness 10000) in paragraph at lines 1765--1771

 []


Overfull \hbox (67.3648pt too wide) in paragraph at lines 1773--1776
[] 
 []


Underfull \hbox (badness 10000) in paragraph at lines 1773--1776

 []


Underfull \hbox (badness 10000) in paragraph at lines 1778--1780

 []


Overfull \hbox (34.24481pt too wide) in paragraph at lines 1782--1784
[] 
 []


Overfull \hbox (36.78021pt too wide) in paragraph at lines 1800--1801
[]\OT1/ptm/m/n/12 Allocate []\OT1/pcr/m/n/12 tr.ds.mol.nmol, tr.ds.mol.ID, tr.d
s.mol.mass, tr.ds.mol.radius, 
 []

[43]
Overfull \hbox (36.78021pt too wide) in paragraph at lines 1801--1802
[]\OT1/ptm/m/n/12 Allocate []\OT1/pcr/m/n/12 tr.ds.at.molec, tr.ds.at.mm, tr.ds
.at.molec.d, tr.ds.at.molec.q[]
 []


Overfull \hbox (33.06056pt too wide) in paragraph at lines 1802--1805
[]\OT1/ptm/m/n/12 Set []\OT1/pcr/m/n/12 tr.ds.at.rads.i, tr.ds.at.rads.f, tr.ds
.at.rads.o, tr.ds.at.rads.d[]
 []

[44]
Overfull \hbox (10.77603pt too wide) in paragraph at lines 1898--1899
[]\OT1/ptm/m/n/12 Reallocate []\OT1/pcr/m/n/12 tr.ds.rads.v, tr.ds.at.atm.t, tr
.ds.at.atm.p, tr.ds.at.mm, 
 []

[45] [46] [47]
<fig/makesamplec.png, id=1747, 264.99pt x 224.33812pt>
File: fig/makesamplec.png Graphic file (type png)
<use fig/makesamplec.png>
Package pdftex.def Info: fig/makesamplec.png  used on input line 2010.
(pdftex.def)             Requested size: 264.98935pt x 224.33757pt.

Underfull \hbox (badness 10000) in paragraph at lines 2017--2019

 []


Overfull \hbox (90.40482pt too wide) in paragraph at lines 2021--2024
[] 
 []


Underfull \hbox (badness 10000) in paragraph at lines 2021--2024

 []


Underfull \hbox (badness 10000) in paragraph at lines 2026--2029

 []


Underfull \hbox (badness 10000) in paragraph at lines 2031--2033

 []


Underfull \hbox (badness 10000) in paragraph at lines 2035--2039

 []

[48 <./fig/makesamplec.png>]
Underfull \hbox (badness 10000) in paragraph at lines 2041--2043

 []


Overfull \hbox (45.76482pt too wide) in paragraph at lines 2045--2047
[] 
 []


Underfull \hbox (badness 10000) in paragraph at lines 2045--2047

 []


Underfull \hbox (badness 10000) in paragraph at lines 2049--2051

 []


Underfull \hbox (badness 10000) in paragraph at lines 2053--2055

 []


Underfull \hbox (badness 10000) in paragraph at lines 2057--2059

 []


Underfull \hbox (badness 10000) in paragraph at lines 2061--2063

 []


Underfull \hbox (badness 10000) in paragraph at lines 2065--2067

 []


Underfull \hbox (badness 10000) in paragraph at lines 2069--2071

 []


Underfull \hbox (badness 10000) in paragraph at lines 2073--2075

 []

[49] [50]
Underfull \hbox (badness 10000) in paragraph at lines 2181--2187

 []


Overfull \hbox (60.94841pt too wide) in paragraph at lines 2193--2194
[]\OT1/ptm/m/n/12 Set []\OT1/pcr/m/n/12 tr.ds.atm.tfct, tr.ds.atm.pfct[] \OT1/p
tm/m/n/12 from \OT1/pcr/m/n/12 tr.ds.at.atm.tfct, tr.ds.at.atm.pfct
 []

[51]
Overfull \hbox (25.22331pt too wide) in paragraph at lines 2196--2198
[]\OT1/ptm/m/n/12 Set []\OT1/pcr/m/n/12 tr.atm.t, tr.atm.p, tr.atm.mm[] \OT1/pt
m/m/n/12 in-ter-po-lat-ing \OT1/pcr/m/n/12 tr.ds.at.atm \OT1/ptm/m/n/12 val-ues
 into \OT1/pcr/m/n/12 tr.rads
 []

[52] [53] [54]
<fig/opacityc.png, id=1781, 286.06876pt x 98.61844pt>
File: fig/opacityc.png Graphic file (type png)
<use fig/opacityc.png>
Package pdftex.def Info: fig/opacityc.png  used on input line 2317.
(pdftex.def)             Requested size: 286.06805pt x 98.61818pt.

Underfull \hbox (badness 10000) in paragraph at lines 2324--2326

 []


Underfull \hbox (badness 10000) in paragraph at lines 2328--2330

 []


Underfull \hbox (badness 10000) in paragraph at lines 2332--2334

 []


Underfull \hbox (badness 10000) in paragraph at lines 2336--2338

 []


Underfull \hbox (badness 10000) in paragraph at lines 2340--2342

 []


Underfull \hbox (badness 10000) in paragraph at lines 2344--2346

 []

[55 <./fig/opacityc.png>]
Overfull \hbox (66.34795pt too wide) in paragraph at lines 2373--2374
\OT1/ptm/m/n/12 mum and max-i-mum (\OT1/pcr/m/n/12 tr.ds.th.dmin, tr.ds.th.dmax
, tr.ds.th.lmin, tr.ds.th.lmax\OT1/ptm/m/n/12 ). 
 []


Overfull \hbox (20.69928pt too wide) in paragraph at lines 2376--2377
[]\OT1/ptm/m/n/12 Call []\OT1/pcr/m/n/12 getprofile[] \OT1/ptm/m/n/12 from ex-t
inc-tion.c to fill out []\OT1/pcr/m/n/12 tr.ds.op.profsize, tr.ds.op.profile[]\
OT1/ptm/m/n/12 . 
 []

[56]
Overfull \hbox (7.98022pt too wide) in paragraph at lines 2430--2431
[]\OT1/ptm/m/n/12 Allocate []\OT1/pcr/m/n/12 tr.ds.op.molID, tr.ds.op.temp, tr.
ds.op.press, tr.ds.op.wns[]
 []

[57]
<fig/crosssec.png, id=1797, 296.60812pt x 95.6072pt>
File: fig/crosssec.png Graphic file (type png)
<use fig/crosssec.png>
Package pdftex.def Info: fig/crosssec.png  used on input line 2449.
(pdftex.def)             Requested size: 296.60739pt x 95.60695pt.

Underfull \hbox (badness 10000) in paragraph at lines 2456--2458

 []


Underfull \hbox (badness 10000) in paragraph at lines 2460--2467

 []


Overfull \hbox (54.64482pt too wide) in paragraph at lines 2471--2475
[] 
 []


Underfull \hbox (badness 10000) in paragraph at lines 2471--2475

 []


Underfull \hbox (badness 10000) in paragraph at lines 2477--2479

 []


Underfull \hbox (badness 10000) in paragraph at lines 2481--2483

 []

[58 <./fig/crosssec.png>]
Overfull \hbox (65.5802pt too wide) in paragraph at lines 2490--2491
[]\OT1/ptm/m/n/12 Allocate []\OT1/pcr/m/n/12 tr.ds.cross.cs, tr.ds.cross.temp, 
tr.ds.cross.wn, tr.ds.cross.nspec[]
 []


Overfull \hbox (60.42029pt too wide) in paragraph at lines 2492--2493
[]\OT1/ptm/m/n/12 Fill in []\OT1/pcr/m/n/12 tr.ds.cross.cs, tr.ds.cross.wn, tr.
ds.cross.temp, tr.ds.cross.ntemp, 
 []

[59] [60]

LaTeX Warning: Reference `fig:idxrefracc' on page 61 undefined on input line 25
78.

<fig/idxrefractionc.png, id=1814, 129.48375pt x 95.6072pt>
File: fig/idxrefractionc.png Graphic file (type png)
<use fig/idxrefractionc.png>
Package pdftex.def Info: fig/idxrefractionc.png  used on input line 2581.
(pdftex.def)             Requested size: 129.48341pt x 95.60695pt.

Underfull \hbox (badness 10000) in paragraph at lines 2588--2591

 []


Underfull \hbox (badness 10000) in paragraph at lines 2593--2595

 []


Underfull \hbox (badness 10000) in paragraph at lines 2597--2600

 []


Underfull \hbox (badness 10000) in paragraph at lines 2602--2604

 []

[61 <./fig/idxrefractionc.png>] [62]
<fig/extinctionc.png, id=1827, 129.48375pt x 249.93375pt>
File: fig/extinctionc.png Graphic file (type png)
<use fig/extinctionc.png>
Package pdftex.def Info: fig/extinctionc.png  used on input line 2630.
(pdftex.def)             Requested size: 129.48341pt x 249.93314pt.

Overfull \hbox (74.80484pt too wide) in paragraph at lines 2638--2640
[] 
 []


Underfull \hbox (badness 10000) in paragraph at lines 2638--2640

 []


Overfull \hbox (46.00485pt too wide) in paragraph at lines 2643--2645
[] 
 []


Underfull \hbox (badness 10000) in paragraph at lines 2643--2645

 []


Overfull \hbox (46.00485pt too wide) in paragraph at lines 2648--2650
[] 
 []


Underfull \hbox (badness 10000) in paragraph at lines 2648--2650

 []


Underfull \hbox (badness 10000) in paragraph at lines 2652--2654

 []

[63 <./fig/extinctionc.png>]
Underfull \hbox (badness 10000) in paragraph at lines 2656--2658

 []


Underfull \hbox (badness 10000) in paragraph at lines 2660--2662

 []


Overfull \hbox (20.08485pt too wide) in paragraph at lines 2665--2667
[] 
 []


Underfull \hbox (badness 10000) in paragraph at lines 2665--2667

 []


Overfull \hbox (6.88484pt too wide) in paragraph at lines 2669--2671
[] 
 []


Underfull \hbox (badness 10000) in paragraph at lines 2669--2671

 []


Overfull \hbox (14.08484pt too wide) in paragraph at lines 2673--2676
[] 
 []


Underfull \hbox (badness 10000) in paragraph at lines 2673--2676

 []


Overfull \hbox (41.44481pt too wide) in paragraph at lines 2679--2681
[] 
 []


Underfull \hbox (badness 10000) in paragraph at lines 2679--2681

 []


Overfull \hbox (48.6448pt too wide) in paragraph at lines 2684--2686
[] 
 []


Underfull \hbox (badness 10000) in paragraph at lines 2684--2686

 []

[64]
Overfull \hbox (3.9004pt too wide) in paragraph at lines 2716--2718
[]\OT1/ptm/m/n/12 Check that []\OT1/pcr/m/n/12 readinfo[]tli, readdatarng, make
wnsample, makeradsample[] \OT1/ptm/m/n/12 have
 []


LaTeX Warning: Reference `eqn:ext' on page 65 undefined on input line 2728.

[65]
Overfull \hbox (0.58994pt too wide) in paragraph at lines 2780--2781
[]\OT1/ptm/m/n/12 Fix the lower and up-per in-dices to the bound-aries if they 
go out-side the bounds of the wavenum-
 []

[66] [67]
======================> note on page 68 <====================

Overfull \hbox (8.40804pt too wide) in paragraph at lines 2841--2843
[]\OT1/pcr/m/n/12 outdebtauex[]\OT1/ptm/m/n/12 , []\OT1/pcr/m/n/12 outdebex[]\O
T1/ptm/m/n/12 , and []\OT1/pcr/m/n/12 outdebtau[] \OT1/ptm/m/n/12 are un-used. 
Func-tions []\OT1/pcr/m/n/12 print2dArrayDouble,
 []


Overfull \hbox (12.25795pt too wide) in paragraph at lines 2841--2843
\OT1/pcr/m/n/12 print1dArrayDouble[] \OT1/ptm/m/n/12 are generic print-to-file 
func-tions that are not gen-er-ally used in \OT1/pcr/m/n/12 transit\OT1/ptm/m/n
/12 .
 []

<fig/tauc.png, id=1858, 280.04625pt x 328.97906pt>
File: fig/tauc.png Graphic file (type png)
<use fig/tauc.png>
Package pdftex.def Info: fig/tauc.png  used on input line 2845.
(pdftex.def)             Requested size: 280.04555pt x 328.97826pt.

Underfull \hbox (badness 10000) in paragraph at lines 2853--2855

 []


Underfull \hbox (badness 10000) in paragraph at lines 2857--2860

 []


Overfull \hbox (12.88486pt too wide) in paragraph at lines 2863--2866
[] 
 []


Underfull \hbox (badness 10000) in paragraph at lines 2863--2866

 []

[68 <./fig/tauc.png>]
Overfull \hbox (8.56485pt too wide) in paragraph at lines 2869--2872
[] 
 []


Underfull \hbox (badness 10000) in paragraph at lines 2869--2872

 []


Underfull \hbox (badness 10000) in paragraph at lines 2874--2876

 []


Overfull \hbox (38.80486pt too wide) in paragraph at lines 2879--2883
[] 
 []


Underfull \hbox (badness 10000) in paragraph at lines 2879--2883

 []


Overfull \hbox (34.48485pt too wide) in paragraph at lines 2886--2890
[] 
 []


Underfull \hbox (badness 10000) in paragraph at lines 2886--2890

 []


Overfull \hbox (50.08482pt too wide) in paragraph at lines 2892--2895
[] 
 []


Underfull \hbox (badness 10000) in paragraph at lines 2892--2895

 []


Overfull \hbox (30.20966pt too wide) in paragraph at lines 2903--2911
\OT1/ptm/m/n/12 of eclipse.c. \OT1/pcr/m/n/12 slantpath \OT1/ptm/m/n/12 is as-s
igned to the tran-sit vari-able []\OT1/pcr/m/n/12 tr.sol[] \OT1/ptm/m/n/12 in t
he func-tion []\OT1/pcr/m/n/12 acceptgenhints[]
 []

[69]
Overfull \hbox (37.67299pt too wide) in paragraph at lines 2953--2955
[]\OT1/ptm/m/n/12 Check if the molec-u-lar ex-tinc-tion has been cal-cu-lated a
t this layer. If not, call to []\OT1/pcr/m/n/12 interpolmolext[]
 []


Overfull \hbox (8.13025pt too wide) in paragraph at lines 2955--2957
[]\OT1/ptm/m/n/12 Call []\OT1/pcr/m/n/12 transittau[] \OT1/ptm/m/n/12 or []\OT1
/pcr/m/n/12 eclipsetau[] \OT1/ptm/m/n/12 (as fcn) to cal-cu-late the op-ti-cal 
depth at given wavenum-
 []

[70] [71]
<fig/eclipsec.png, id=1880, 342.5297pt x 168.63pt>
File: fig/eclipsec.png Graphic file (type png)
<use fig/eclipsec.png>
Package pdftex.def Info: fig/eclipsec.png  used on input line 3016.
(pdftex.def)             Requested size: 342.52885pt x 168.62958pt.

Overfull \hbox (76.00482pt too wide) in paragraph at lines 3023--3025
[] 
 []


Underfull \hbox (badness 10000) in paragraph at lines 3023--3025

 []


Overfull \hbox (73.12483pt too wide) in paragraph at lines 3028--3030
[] 
 []


Underfull \hbox (badness 10000) in paragraph at lines 3028--3030

 []


Underfull \hbox (badness 10000) in paragraph at lines 3032--3034

 []


Underfull \hbox (badness 10000) in paragraph at lines 3036--3038

 []


Underfull \hbox (badness 10000) in paragraph at lines 3040--3042

 []


Underfull \hbox (badness 10000) in paragraph at lines 3044--3046

 []


Underfull \hbox (badness 10000) in paragraph at lines 3048--3050

 []

[72 <./fig/eclipsec.png>]
Underfull \hbox (badness 10000) in paragraph at lines 3052--3054

 []


Overfull \hbox (14.43285pt too wide) in paragraph at lines 3095--3096
[]\OT1/ptm/m/n/12 Call []\OT1/pcr/m/n/12 eclipse[]intens[] \OT1/ptm/m/n/12 from
 eclipse.c as sol.spectrum to cal-cu-late the in-ten-sity at ev-ery wavenum-
 []

[73] [74]
<fig/slantpathc.png, id=1905, 336.50719pt x 96.36pt>
File: fig/slantpathc.png Graphic file (type png)
<use fig/slantpathc.png>
Package pdftex.def Info: fig/slantpathc.png  used on input line 3124.
(pdftex.def)             Requested size: 336.50635pt x 96.35974pt.

Overfull \hbox (7.12488pt too wide) in paragraph at lines 3132--3135
[] 
 []


Underfull \hbox (badness 10000) in paragraph at lines 3132--3135

 []


Overfull \hbox (14.32487pt too wide) in paragraph at lines 3138--3141
[] 
 []


Underfull \hbox (badness 10000) in paragraph at lines 3138--3141

 []


Overfull \hbox (71.92485pt too wide) in paragraph at lines 3144--3147
[] 
 []


Underfull \hbox (badness 10000) in paragraph at lines 3144--3147

 []


Overfull \hbox (56.08484pt too wide) in paragraph at lines 3151--3153
[] 
 []


Underfull \hbox (badness 10000) in paragraph at lines 3151--3153

 []


Overfull \hbox (27.28485pt too wide) in paragraph at lines 3156--3159
[] 
 []


Underfull \hbox (badness 10000) in paragraph at lines 3156--3159

 []


Overfull \hbox (84.88483pt too wide) in paragraph at lines 3162--3166
[] 
 []


Underfull \hbox (badness 10000) in paragraph at lines 3162--3166

 []

[75 <./fig/slantpathc.png>] [76] [77]
<fig/observablec.png, id=1925, 155.07938pt x 70.76437pt>
File: fig/observablec.png Graphic file (type png)
<use fig/observablec.png>
Package pdftex.def Info: fig/observablec.png  used on input line 3277.
(pdftex.def)             Requested size: 155.07898pt x 70.76419pt.

Underfull \hbox (badness 10000) in paragraph at lines 3284--3286

 []


Underfull \hbox (badness 10000) in paragraph at lines 3288--3290

 []


Underfull \hbox (badness 10000) in paragraph at lines 3292--3294

 []

[78 <./fig/observablec.png>]
Underfull \hbox (badness 10000) in paragraph at lines 3563--3566

 []


Underfull \hbox (badness 10000) in paragraph at lines 3576--3579

 []


Underfull \hbox (badness 10000) in paragraph at lines 3592--3595

 []


Underfull \hbox (badness 10000) in paragraph at lines 3601--3604

 []


Underfull \hbox (badness 10000) in paragraph at lines 3612--3614

 []

[79]
Underfull \hbox (badness 10000) in paragraph at lines 3622--3624

 []


Underfull \hbox (badness 10000) in paragraph at lines 3632--3634

 []


Underfull \hbox (badness 10000) in paragraph at lines 3642--3644

 []


Underfull \hbox (badness 10000) in paragraph at lines 3652--3656

 []

[80] (./transit_code_manual.aux)

LaTeX Warning: There were undefined references.

Package rerunfilecheck Info: File `transit_code_manual.out' has not changed.
(rerunfilecheck)             Checksum: C6851AF0B8AB6F6119725DF75B4814C6;19033.
 ) 
Here is how much of TeX's memory you used:
 12981 strings out of 479310
 182402 string characters out of 5869900
 779489 words of memory out of 5000000
 29011 multiletter control sequences out of 15000+600000
 441702 words of font info for 103 fonts, out of 8000000 for 9000
 1141 hyphenation exceptions out of 8191
 72i,15n,74p,2602b,1961s stack positions out of 5000i,500n,10000p,200000b,80000s
{/usr/share/texlive/texmf-dist/fonts/enc/dvips/base/8r.enc}</usr/share/texliv
e/texmf-dist/fonts/type1/public/amsfonts/cm/cmex10.pfb></usr/share/texlive/texm
f-dist/fonts/type1/public/amsfonts/cm/cmmi12.pfb></usr/share/texlive/texmf-dist
/fonts/type1/public/amsfonts/cm/cmmi6.pfb></usr/share/texlive/texmf-dist/fonts/
type1/public/amsfonts/cm/cmmi8.pfb></usr/share/texlive/texmf-dist/fonts/type1/p
ublic/amsfonts/cm/cmr12.pfb></usr/share/texlive/texmf-dist/fonts/type1/public/a
msfonts/cm/cmr8.pfb></usr/share/texlive/texmf-dist/fonts/type1/public/amsfonts/
cm/cmsy10.pfb></usr/share/texlive/texmf-dist/fonts/type1/public/amsfonts/cm/cms
y8.pfb></usr/share/texlive/texmf-dist/fonts/type1/public/txfonts/t1xtt.pfb></us
r/share/texlive/texmf-dist/fonts/type1/urw/courier/ucrb8a.pfb></usr/share/texli
ve/texmf-dist/fonts/type1/urw/courier/ucrr8a.pfb></usr/share/texlive/texmf-dist
/fonts/type1/urw/times/utmb8a.pfb></usr/share/texlive/texmf-dist/fonts/type1/ur
w/times/utmr8a.pfb></usr/share/texlive/texmf-dist/fonts/type1/urw/times/utmr8a.
pfb></usr/share/texlive/texmf-dist/fonts/type1/urw/times/utmri8a.pfb>
Output written on transit_code_manual.pdf (81 pages, 562341 bytes).
PDF statistics:
 2185 PDF objects out of 2487 (max. 8388607)
 2036 compressed objects within 21 object streams
 896 named destinations out of 1000 (max. 500000)
 1908 words of extra memory for PDF output out of 10000 (max. 10000000)

